This is pdfTeX, Version 3.14159265-2.6-1.40.16 (TeX Live 2015/Debian) (preloaded format=pdflatex 2017.8.24)  3 SEP 2017 03:58
entering extended mode
 restricted \write18 enabled.
 %&-line parsing enabled.
**base.tex
(./base.tex
LaTeX2e <2016/02/01>
Babel <3.9q> and hyphenation patterns for 81 language(s) loaded.
(/usr/share/texlive/texmf-dist/tex/latex/base/report.cls
Document Class: report 2014/09/29 v1.4h Standard LaTeX document class
(/usr/share/texlive/texmf-dist/tex/latex/base/size11.clo
File: size11.clo 2014/09/29 v1.4h Standard LaTeX file (size option)
)
\c@part=\count79
\c@chapter=\count80
\c@section=\count81
\c@subsection=\count82
\c@subsubsection=\count83
\c@paragraph=\count84
\c@subparagraph=\count85
\c@figure=\count86
\c@table=\count87
\abovecaptionskip=\skip41
\belowcaptionskip=\skip42
\bibindent=\dimen102
)
(/usr/share/texlive/texmf-dist/tex/latex/geometry/geometry.sty
Package: geometry 2010/09/12 v5.6 Page Geometry

(/usr/share/texlive/texmf-dist/tex/latex/graphics/keyval.sty
Package: keyval 2014/10/28 v1.15 key=value parser (DPC)
\KV@toks@=\toks14
)
(/usr/share/texlive/texmf-dist/tex/generic/oberdiek/ifpdf.sty
Package: ifpdf 2011/01/30 v2.3 Provides the ifpdf switch (HO)
Package ifpdf Info: pdfTeX in PDF mode is detected.
)
(/usr/share/texlive/texmf-dist/tex/generic/oberdiek/ifvtex.sty
Package: ifvtex 2010/03/01 v1.5 Detect VTeX and its facilities (HO)
Package ifvtex Info: VTeX not detected.
)
(/usr/share/texlive/texmf-dist/tex/generic/ifxetex/ifxetex.sty
Package: ifxetex 2010/09/12 v0.6 Provides ifxetex conditional
)
\Gm@cnth=\count88
\Gm@cntv=\count89
\c@Gm@tempcnt=\count90
\Gm@bindingoffset=\dimen103
\Gm@wd@mp=\dimen104
\Gm@odd@mp=\dimen105
\Gm@even@mp=\dimen106
\Gm@layoutwidth=\dimen107
\Gm@layoutheight=\dimen108
\Gm@layouthoffset=\dimen109
\Gm@layoutvoffset=\dimen110
\Gm@dimlist=\toks15
)
(/usr/share/texlive/texmf-dist/tex/latex/cmap/cmap.sty
Package: cmap 2008/03/06 v1.0h CMap support: searchable PDF
)
(/usr/share/texlive/texmf-dist/tex/latex/t2/mathtext.sty
Package: mathtext 1999/01/28 v1.0 transparent text-and-math defs
LaTeX Info: Redefining \halign on input line 111.
)
(/usr/share/texlive/texmf-dist/tex/latex/base/fontenc.sty
Package: fontenc 2005/09/27 v1.99g Standard LaTeX package

(/usr/share/texlive/texmf-dist/tex/latex/cyrillic/t2aenc.def
File: t2aenc.def 2005/09/27 v1.0i Cyrillic encoding definition file
\symT2Aletters=\mathgroup4
)
LaTeX Font Info:    Try loading font information for T2A+cmr on input line 105.


(/usr/share/texlive/texmf-dist/tex/latex/cyrillic/t2acmr.fd
File: t2acmr.fd 2001/08/11 v1.0a Computer Modern Cyrillic font definitions
)<<t2a.cmap>>)
(/usr/share/texlive/texmf-dist/tex/latex/base/inputenc.sty
Package: inputenc 2015/03/17 v1.2c Input encoding file
\inpenc@prehook=\toks16
\inpenc@posthook=\toks17

(/usr/share/texlive/texmf-dist/tex/latex/base/utf8.def
File: utf8.def 2015/12/03 v1.1r UTF-8 support for inputenc
Now handling font encoding OML ...
... no UTF-8 mapping file for font encoding OML
Now handling font encoding T1 ...
... processing UTF-8 mapping file for font encoding T1

(/usr/share/texlive/texmf-dist/tex/latex/base/t1enc.dfu
File: t1enc.dfu 2015/12/03 v1.1r UTF-8 support for inputenc
   defining Unicode char U+00A0 (decimal 160)
   defining Unicode char U+00A1 (decimal 161)
   defining Unicode char U+00A3 (decimal 163)
   defining Unicode char U+00AB (decimal 171)
   defining Unicode char U+00AD (decimal 173)
   defining Unicode char U+00BB (decimal 187)
   defining Unicode char U+00BF (decimal 191)
   defining Unicode char U+00C0 (decimal 192)
   defining Unicode char U+00C1 (decimal 193)
   defining Unicode char U+00C2 (decimal 194)
   defining Unicode char U+00C3 (decimal 195)
   defining Unicode char U+00C4 (decimal 196)
   defining Unicode char U+00C5 (decimal 197)
   defining Unicode char U+00C6 (decimal 198)
   defining Unicode char U+00C7 (decimal 199)
   defining Unicode char U+00C8 (decimal 200)
   defining Unicode char U+00C9 (decimal 201)
   defining Unicode char U+00CA (decimal 202)
   defining Unicode char U+00CB (decimal 203)
   defining Unicode char U+00CC (decimal 204)
   defining Unicode char U+00CD (decimal 205)
   defining Unicode char U+00CE (decimal 206)
   defining Unicode char U+00CF (decimal 207)
   defining Unicode char U+00D0 (decimal 208)
   defining Unicode char U+00D1 (decimal 209)
   defining Unicode char U+00D2 (decimal 210)
   defining Unicode char U+00D3 (decimal 211)
   defining Unicode char U+00D4 (decimal 212)
   defining Unicode char U+00D5 (decimal 213)
   defining Unicode char U+00D6 (decimal 214)
   defining Unicode char U+00D8 (decimal 216)
   defining Unicode char U+00D9 (decimal 217)
   defining Unicode char U+00DA (decimal 218)
   defining Unicode char U+00DB (decimal 219)
   defining Unicode char U+00DC (decimal 220)
   defining Unicode char U+00DD (decimal 221)
   defining Unicode char U+00DE (decimal 222)
   defining Unicode char U+00DF (decimal 223)
   defining Unicode char U+00E0 (decimal 224)
   defining Unicode char U+00E1 (decimal 225)
   defining Unicode char U+00E2 (decimal 226)
   defining Unicode char U+00E3 (decimal 227)
   defining Unicode char U+00E4 (decimal 228)
   defining Unicode char U+00E5 (decimal 229)
   defining Unicode char U+00E6 (decimal 230)
   defining Unicode char U+00E7 (decimal 231)
   defining Unicode char U+00E8 (decimal 232)
   defining Unicode char U+00E9 (decimal 233)
   defining Unicode char U+00EA (decimal 234)
   defining Unicode char U+00EB (decimal 235)
   defining Unicode char U+00EC (decimal 236)
   defining Unicode char U+00ED (decimal 237)
   defining Unicode char U+00EE (decimal 238)
   defining Unicode char U+00EF (decimal 239)
   defining Unicode char U+00F0 (decimal 240)
   defining Unicode char U+00F1 (decimal 241)
   defining Unicode char U+00F2 (decimal 242)
   defining Unicode char U+00F3 (decimal 243)
   defining Unicode char U+00F4 (decimal 244)
   defining Unicode char U+00F5 (decimal 245)
   defining Unicode char U+00F6 (decimal 246)
   defining Unicode char U+00F8 (decimal 248)
   defining Unicode char U+00F9 (decimal 249)
   defining Unicode char U+00FA (decimal 250)
   defining Unicode char U+00FB (decimal 251)
   defining Unicode char U+00FC (decimal 252)
   defining Unicode char U+00FD (decimal 253)
   defining Unicode char U+00FE (decimal 254)
   defining Unicode char U+00FF (decimal 255)
   defining Unicode char U+0100 (decimal 256)
   defining Unicode char U+0101 (decimal 257)
   defining Unicode char U+0102 (decimal 258)
   defining Unicode char U+0103 (decimal 259)
   defining Unicode char U+0104 (decimal 260)
   defining Unicode char U+0105 (decimal 261)
   defining Unicode char U+0106 (decimal 262)
   defining Unicode char U+0107 (decimal 263)
   defining Unicode char U+0108 (decimal 264)
   defining Unicode char U+0109 (decimal 265)
   defining Unicode char U+010A (decimal 266)
   defining Unicode char U+010B (decimal 267)
   defining Unicode char U+010C (decimal 268)
   defining Unicode char U+010D (decimal 269)
   defining Unicode char U+010E (decimal 270)
   defining Unicode char U+010F (decimal 271)
   defining Unicode char U+0110 (decimal 272)
   defining Unicode char U+0111 (decimal 273)
   defining Unicode char U+0112 (decimal 274)
   defining Unicode char U+0113 (decimal 275)
   defining Unicode char U+0114 (decimal 276)
   defining Unicode char U+0115 (decimal 277)
   defining Unicode char U+0116 (decimal 278)
   defining Unicode char U+0117 (decimal 279)
   defining Unicode char U+0118 (decimal 280)
   defining Unicode char U+0119 (decimal 281)
   defining Unicode char U+011A (decimal 282)
   defining Unicode char U+011B (decimal 283)
   defining Unicode char U+011C (decimal 284)
   defining Unicode char U+011D (decimal 285)
   defining Unicode char U+011E (decimal 286)
   defining Unicode char U+011F (decimal 287)
   defining Unicode char U+0120 (decimal 288)
   defining Unicode char U+0121 (decimal 289)
   defining Unicode char U+0122 (decimal 290)
   defining Unicode char U+0123 (decimal 291)
   defining Unicode char U+0124 (decimal 292)
   defining Unicode char U+0125 (decimal 293)
   defining Unicode char U+0128 (decimal 296)
   defining Unicode char U+0129 (decimal 297)
   defining Unicode char U+012A (decimal 298)
   defining Unicode char U+012B (decimal 299)
   defining Unicode char U+012C (decimal 300)
   defining Unicode char U+012D (decimal 301)
   defining Unicode char U+012E (decimal 302)
   defining Unicode char U+012F (decimal 303)
   defining Unicode char U+0130 (decimal 304)
   defining Unicode char U+0131 (decimal 305)
   defining Unicode char U+0132 (decimal 306)
   defining Unicode char U+0133 (decimal 307)
   defining Unicode char U+0134 (decimal 308)
   defining Unicode char U+0135 (decimal 309)
   defining Unicode char U+0136 (decimal 310)
   defining Unicode char U+0137 (decimal 311)
   defining Unicode char U+0139 (decimal 313)
   defining Unicode char U+013A (decimal 314)
   defining Unicode char U+013B (decimal 315)
   defining Unicode char U+013C (decimal 316)
   defining Unicode char U+013D (decimal 317)
   defining Unicode char U+013E (decimal 318)
   defining Unicode char U+0141 (decimal 321)
   defining Unicode char U+0142 (decimal 322)
   defining Unicode char U+0143 (decimal 323)
   defining Unicode char U+0144 (decimal 324)
   defining Unicode char U+0145 (decimal 325)
   defining Unicode char U+0146 (decimal 326)
   defining Unicode char U+0147 (decimal 327)
   defining Unicode char U+0148 (decimal 328)
   defining Unicode char U+014A (decimal 330)
   defining Unicode char U+014B (decimal 331)
   defining Unicode char U+014C (decimal 332)
   defining Unicode char U+014D (decimal 333)
   defining Unicode char U+014E (decimal 334)
   defining Unicode char U+014F (decimal 335)
   defining Unicode char U+0150 (decimal 336)
   defining Unicode char U+0151 (decimal 337)
   defining Unicode char U+0152 (decimal 338)
   defining Unicode char U+0153 (decimal 339)
   defining Unicode char U+0154 (decimal 340)
   defining Unicode char U+0155 (decimal 341)
   defining Unicode char U+0156 (decimal 342)
   defining Unicode char U+0157 (decimal 343)
   defining Unicode char U+0158 (decimal 344)
   defining Unicode char U+0159 (decimal 345)
   defining Unicode char U+015A (decimal 346)
   defining Unicode char U+015B (decimal 347)
   defining Unicode char U+015C (decimal 348)
   defining Unicode char U+015D (decimal 349)
   defining Unicode char U+015E (decimal 350)
   defining Unicode char U+015F (decimal 351)
   defining Unicode char U+0160 (decimal 352)
   defining Unicode char U+0161 (decimal 353)
   defining Unicode char U+0162 (decimal 354)
   defining Unicode char U+0163 (decimal 355)
   defining Unicode char U+0164 (decimal 356)
   defining Unicode char U+0165 (decimal 357)
   defining Unicode char U+0168 (decimal 360)
   defining Unicode char U+0169 (decimal 361)
   defining Unicode char U+016A (decimal 362)
   defining Unicode char U+016B (decimal 363)
   defining Unicode char U+016C (decimal 364)
   defining Unicode char U+016D (decimal 365)
   defining Unicode char U+016E (decimal 366)
   defining Unicode char U+016F (decimal 367)
   defining Unicode char U+0170 (decimal 368)
   defining Unicode char U+0171 (decimal 369)
   defining Unicode char U+0172 (decimal 370)
   defining Unicode char U+0173 (decimal 371)
   defining Unicode char U+0174 (decimal 372)
   defining Unicode char U+0175 (decimal 373)
   defining Unicode char U+0176 (decimal 374)
   defining Unicode char U+0177 (decimal 375)
   defining Unicode char U+0178 (decimal 376)
   defining Unicode char U+0179 (decimal 377)
   defining Unicode char U+017A (decimal 378)
   defining Unicode char U+017B (decimal 379)
   defining Unicode char U+017C (decimal 380)
   defining Unicode char U+017D (decimal 381)
   defining Unicode char U+017E (decimal 382)
   defining Unicode char U+01CD (decimal 461)
   defining Unicode char U+01CE (decimal 462)
   defining Unicode char U+01CF (decimal 463)
   defining Unicode char U+01D0 (decimal 464)
   defining Unicode char U+01D1 (decimal 465)
   defining Unicode char U+01D2 (decimal 466)
   defining Unicode char U+01D3 (decimal 467)
   defining Unicode char U+01D4 (decimal 468)
   defining Unicode char U+01E2 (decimal 482)
   defining Unicode char U+01E3 (decimal 483)
   defining Unicode char U+01E6 (decimal 486)
   defining Unicode char U+01E7 (decimal 487)
   defining Unicode char U+01E8 (decimal 488)
   defining Unicode char U+01E9 (decimal 489)
   defining Unicode char U+01EA (decimal 490)
   defining Unicode char U+01EB (decimal 491)
   defining Unicode char U+01F0 (decimal 496)
   defining Unicode char U+01F4 (decimal 500)
   defining Unicode char U+01F5 (decimal 501)
   defining Unicode char U+0218 (decimal 536)
   defining Unicode char U+0219 (decimal 537)
   defining Unicode char U+021A (decimal 538)
   defining Unicode char U+021B (decimal 539)
   defining Unicode char U+01E02 (decimal 7682)
   defining Unicode char U+01E03 (decimal 7683)
   defining Unicode char U+200C (decimal 8204)
   defining Unicode char U+2013 (decimal 8211)
   defining Unicode char U+2014 (decimal 8212)
   defining Unicode char U+2018 (decimal 8216)
   defining Unicode char U+2019 (decimal 8217)
   defining Unicode char U+201A (decimal 8218)
   defining Unicode char U+201C (decimal 8220)
   defining Unicode char U+201D (decimal 8221)
   defining Unicode char U+201E (decimal 8222)
   defining Unicode char U+2030 (decimal 8240)
   defining Unicode char U+2031 (decimal 8241)
   defining Unicode char U+2039 (decimal 8249)
   defining Unicode char U+203A (decimal 8250)
   defining Unicode char U+2423 (decimal 9251)
)
Now handling font encoding OT1 ...
... processing UTF-8 mapping file for font encoding OT1

(/usr/share/texlive/texmf-dist/tex/latex/base/ot1enc.dfu
File: ot1enc.dfu 2015/12/03 v1.1r UTF-8 support for inputenc
   defining Unicode char U+00A0 (decimal 160)
   defining Unicode char U+00A1 (decimal 161)
   defining Unicode char U+00A3 (decimal 163)
   defining Unicode char U+00AD (decimal 173)
   defining Unicode char U+00B8 (decimal 184)
   defining Unicode char U+00BF (decimal 191)
   defining Unicode char U+00C5 (decimal 197)
   defining Unicode char U+00C6 (decimal 198)
   defining Unicode char U+00D8 (decimal 216)
   defining Unicode char U+00DF (decimal 223)
   defining Unicode char U+00E6 (decimal 230)
   defining Unicode char U+00EC (decimal 236)
   defining Unicode char U+00ED (decimal 237)
   defining Unicode char U+00EE (decimal 238)
   defining Unicode char U+00EF (decimal 239)
   defining Unicode char U+00F8 (decimal 248)
   defining Unicode char U+0131 (decimal 305)
   defining Unicode char U+0141 (decimal 321)
   defining Unicode char U+0142 (decimal 322)
   defining Unicode char U+0152 (decimal 338)
   defining Unicode char U+0153 (decimal 339)
   defining Unicode char U+0174 (decimal 372)
   defining Unicode char U+0175 (decimal 373)
   defining Unicode char U+0176 (decimal 374)
   defining Unicode char U+0177 (decimal 375)
   defining Unicode char U+0218 (decimal 536)
   defining Unicode char U+0219 (decimal 537)
   defining Unicode char U+021A (decimal 538)
   defining Unicode char U+021B (decimal 539)
   defining Unicode char U+2013 (decimal 8211)
   defining Unicode char U+2014 (decimal 8212)
   defining Unicode char U+2018 (decimal 8216)
   defining Unicode char U+2019 (decimal 8217)
   defining Unicode char U+201C (decimal 8220)
   defining Unicode char U+201D (decimal 8221)
)
Now handling font encoding OMS ...
... processing UTF-8 mapping file for font encoding OMS

(/usr/share/texlive/texmf-dist/tex/latex/base/omsenc.dfu
File: omsenc.dfu 2015/12/03 v1.1r UTF-8 support for inputenc
   defining Unicode char U+00A7 (decimal 167)
   defining Unicode char U+00B6 (decimal 182)
   defining Unicode char U+00B7 (decimal 183)
   defining Unicode char U+2020 (decimal 8224)
   defining Unicode char U+2021 (decimal 8225)
   defining Unicode char U+2022 (decimal 8226)
)
Now handling font encoding OMX ...
... no UTF-8 mapping file for font encoding OMX
Now handling font encoding U ...
... no UTF-8 mapping file for font encoding U
Now handling font encoding T2A ...
... processing UTF-8 mapping file for font encoding T2A

(/usr/share/texlive/texmf-dist/tex/latex/base/t2aenc.dfu
File: t2aenc.dfu 2015/12/03 v1.1r UTF-8 support for inputenc
   defining Unicode char U+00A4 (decimal 164)
   defining Unicode char U+00A7 (decimal 167)
   defining Unicode char U+00AB (decimal 171)
   defining Unicode char U+00BB (decimal 187)
   defining Unicode char U+0131 (decimal 305)
   defining Unicode char U+0400 (decimal 1024)
   defining Unicode char U+0401 (decimal 1025)
   defining Unicode char U+0402 (decimal 1026)
   defining Unicode char U+0403 (decimal 1027)
   defining Unicode char U+0404 (decimal 1028)
   defining Unicode char U+0405 (decimal 1029)
   defining Unicode char U+0406 (decimal 1030)
   defining Unicode char U+0407 (decimal 1031)
   defining Unicode char U+0408 (decimal 1032)
   defining Unicode char U+0409 (decimal 1033)
   defining Unicode char U+040A (decimal 1034)
   defining Unicode char U+040B (decimal 1035)
   defining Unicode char U+040C (decimal 1036)
   defining Unicode char U+040D (decimal 1037)
   defining Unicode char U+040E (decimal 1038)
   defining Unicode char U+040F (decimal 1039)
   defining Unicode char U+0410 (decimal 1040)
   defining Unicode char U+0411 (decimal 1041)
   defining Unicode char U+0412 (decimal 1042)
   defining Unicode char U+0413 (decimal 1043)
   defining Unicode char U+0414 (decimal 1044)
   defining Unicode char U+0415 (decimal 1045)
   defining Unicode char U+0416 (decimal 1046)
   defining Unicode char U+0417 (decimal 1047)
   defining Unicode char U+0418 (decimal 1048)
   defining Unicode char U+0419 (decimal 1049)
   defining Unicode char U+041A (decimal 1050)
   defining Unicode char U+041B (decimal 1051)
   defining Unicode char U+041C (decimal 1052)
   defining Unicode char U+041D (decimal 1053)
   defining Unicode char U+041E (decimal 1054)
   defining Unicode char U+041F (decimal 1055)
   defining Unicode char U+0420 (decimal 1056)
   defining Unicode char U+0421 (decimal 1057)
   defining Unicode char U+0422 (decimal 1058)
   defining Unicode char U+0423 (decimal 1059)
   defining Unicode char U+0424 (decimal 1060)
   defining Unicode char U+0425 (decimal 1061)
   defining Unicode char U+0426 (decimal 1062)
   defining Unicode char U+0427 (decimal 1063)
   defining Unicode char U+0428 (decimal 1064)
   defining Unicode char U+0429 (decimal 1065)
   defining Unicode char U+042A (decimal 1066)
   defining Unicode char U+042B (decimal 1067)
   defining Unicode char U+042C (decimal 1068)
   defining Unicode char U+042D (decimal 1069)
   defining Unicode char U+042E (decimal 1070)
   defining Unicode char U+042F (decimal 1071)
   defining Unicode char U+0430 (decimal 1072)
   defining Unicode char U+0431 (decimal 1073)
   defining Unicode char U+0432 (decimal 1074)
   defining Unicode char U+0433 (decimal 1075)
   defining Unicode char U+0434 (decimal 1076)
   defining Unicode char U+0435 (decimal 1077)
   defining Unicode char U+0436 (decimal 1078)
   defining Unicode char U+0437 (decimal 1079)
   defining Unicode char U+0438 (decimal 1080)
   defining Unicode char U+0439 (decimal 1081)
   defining Unicode char U+043A (decimal 1082)
   defining Unicode char U+043B (decimal 1083)
   defining Unicode char U+043C (decimal 1084)
   defining Unicode char U+043D (decimal 1085)
   defining Unicode char U+043E (decimal 1086)
   defining Unicode char U+043F (decimal 1087)
   defining Unicode char U+0440 (decimal 1088)
   defining Unicode char U+0441 (decimal 1089)
   defining Unicode char U+0442 (decimal 1090)
   defining Unicode char U+0443 (decimal 1091)
   defining Unicode char U+0444 (decimal 1092)
   defining Unicode char U+0445 (decimal 1093)
   defining Unicode char U+0446 (decimal 1094)
   defining Unicode char U+0447 (decimal 1095)
   defining Unicode char U+0448 (decimal 1096)
   defining Unicode char U+0449 (decimal 1097)
   defining Unicode char U+044A (decimal 1098)
   defining Unicode char U+044B (decimal 1099)
   defining Unicode char U+044C (decimal 1100)
   defining Unicode char U+044D (decimal 1101)
   defining Unicode char U+044E (decimal 1102)
   defining Unicode char U+044F (decimal 1103)
   defining Unicode char U+0450 (decimal 1104)
   defining Unicode char U+0451 (decimal 1105)
   defining Unicode char U+0452 (decimal 1106)
   defining Unicode char U+0453 (decimal 1107)
   defining Unicode char U+0454 (decimal 1108)
   defining Unicode char U+0455 (decimal 1109)
   defining Unicode char U+0456 (decimal 1110)
   defining Unicode char U+0457 (decimal 1111)
   defining Unicode char U+0458 (decimal 1112)
   defining Unicode char U+0459 (decimal 1113)
   defining Unicode char U+045A (decimal 1114)
   defining Unicode char U+045B (decimal 1115)
   defining Unicode char U+045C (decimal 1116)
   defining Unicode char U+045D (decimal 1117)
   defining Unicode char U+045E (decimal 1118)
   defining Unicode char U+045F (decimal 1119)
   defining Unicode char U+0490 (decimal 1168)
   defining Unicode char U+0491 (decimal 1169)
   defining Unicode char U+0492 (decimal 1170)
   defining Unicode char U+0493 (decimal 1171)
   defining Unicode char U+0496 (decimal 1174)
   defining Unicode char U+0497 (decimal 1175)
   defining Unicode char U+0498 (decimal 1176)
   defining Unicode char U+0499 (decimal 1177)
   defining Unicode char U+049A (decimal 1178)
   defining Unicode char U+049B (decimal 1179)
   defining Unicode char U+049C (decimal 1180)
   defining Unicode char U+049D (decimal 1181)
   defining Unicode char U+04A0 (decimal 1184)
   defining Unicode char U+04A1 (decimal 1185)
   defining Unicode char U+04A2 (decimal 1186)
   defining Unicode char U+04A3 (decimal 1187)
   defining Unicode char U+04A4 (decimal 1188)
   defining Unicode char U+04A5 (decimal 1189)
   defining Unicode char U+04AA (decimal 1194)
   defining Unicode char U+04AB (decimal 1195)
   defining Unicode char U+04AE (decimal 1198)
   defining Unicode char U+04AF (decimal 1199)
   defining Unicode char U+04B0 (decimal 1200)
   defining Unicode char U+04B1 (decimal 1201)
   defining Unicode char U+04B2 (decimal 1202)
   defining Unicode char U+04B3 (decimal 1203)
   defining Unicode char U+04B6 (decimal 1206)
   defining Unicode char U+04B7 (decimal 1207)
   defining Unicode char U+04B8 (decimal 1208)
   defining Unicode char U+04B9 (decimal 1209)
   defining Unicode char U+04BA (decimal 1210)
   defining Unicode char U+04BB (decimal 1211)
   defining Unicode char U+04C0 (decimal 1216)
   defining Unicode char U+04C1 (decimal 1217)
   defining Unicode char U+04C2 (decimal 1218)
   defining Unicode char U+04D0 (decimal 1232)
   defining Unicode char U+04D1 (decimal 1233)
   defining Unicode char U+04D2 (decimal 1234)
   defining Unicode char U+04D3 (decimal 1235)
   defining Unicode char U+04D4 (decimal 1236)
   defining Unicode char U+04D5 (decimal 1237)
   defining Unicode char U+04D6 (decimal 1238)
   defining Unicode char U+04D7 (decimal 1239)
   defining Unicode char U+04D8 (decimal 1240)
   defining Unicode char U+04D9 (decimal 1241)
   defining Unicode char U+04DA (decimal 1242)
   defining Unicode char U+04DB (decimal 1243)
   defining Unicode char U+04DC (decimal 1244)
   defining Unicode char U+04DD (decimal 1245)
   defining Unicode char U+04DE (decimal 1246)
   defining Unicode char U+04DF (decimal 1247)
   defining Unicode char U+04E2 (decimal 1250)
   defining Unicode char U+04E3 (decimal 1251)
   defining Unicode char U+04E4 (decimal 1252)
   defining Unicode char U+04E5 (decimal 1253)
   defining Unicode char U+04E6 (decimal 1254)
   defining Unicode char U+04E7 (decimal 1255)
   defining Unicode char U+04E8 (decimal 1256)
   defining Unicode char U+04E9 (decimal 1257)
   defining Unicode char U+04EC (decimal 1260)
   defining Unicode char U+04ED (decimal 1261)
   defining Unicode char U+04EE (decimal 1262)
   defining Unicode char U+04EF (decimal 1263)
   defining Unicode char U+04F0 (decimal 1264)
   defining Unicode char U+04F1 (decimal 1265)
   defining Unicode char U+04F2 (decimal 1266)
   defining Unicode char U+04F3 (decimal 1267)
   defining Unicode char U+04F4 (decimal 1268)
   defining Unicode char U+04F5 (decimal 1269)
   defining Unicode char U+04F8 (decimal 1272)
   defining Unicode char U+04F9 (decimal 1273)
   defining Unicode char U+200C (decimal 8204)
   defining Unicode char U+2013 (decimal 8211)
   defining Unicode char U+2014 (decimal 8212)
   defining Unicode char U+2018 (decimal 8216)
   defining Unicode char U+2019 (decimal 8217)
   defining Unicode char U+201C (decimal 8220)
   defining Unicode char U+201D (decimal 8221)
   defining Unicode char U+201E (decimal 8222)
   defining Unicode char U+2030 (decimal 8240)
   defining Unicode char U+2031 (decimal 8241)
   defining Unicode char U+2116 (decimal 8470)
   defining Unicode char U+2329 (decimal 9001)
   defining Unicode char U+232A (decimal 9002)
   defining Unicode char U+2423 (decimal 9251)
)
   defining Unicode char U+00A9 (decimal 169)
   defining Unicode char U+00AA (decimal 170)
   defining Unicode char U+00AE (decimal 174)
   defining Unicode char U+00BA (decimal 186)
   defining Unicode char U+02C6 (decimal 710)
   defining Unicode char U+02DC (decimal 732)
   defining Unicode char U+200C (decimal 8204)
   defining Unicode char U+2026 (decimal 8230)
   defining Unicode char U+2122 (decimal 8482)
   defining Unicode char U+2423 (decimal 9251)
))
(/usr/share/texlive/texmf-dist/tex/generic/babel/babel.sty
Package: babel 2016/02/24 3.9q The Babel package

(/usr/share/texlive/texmf-dist/tex/generic/babel-english/english.ldf
Language: english 2012/08/20 v3.3p English support from the babel system

(/usr/share/texlive/texmf-dist/tex/generic/babel/babel.def
File: babel.def 2016/02/24 3.9q Babel common definitions
\babel@savecnt=\count91
\U@D=\dimen111
)
\l@canadian = a dialect from \language\l@american 
\l@australian = a dialect from \language\l@british 
\l@newzealand = a dialect from \language\l@british 
)
(/usr/share/texlive/texmf-dist/tex/generic/babel-russian/russianb.ldf
Language: russianb 2016/02/18 1.3h Russian support for the Babel system
Package babel Info: Making " an active character on input line 111.
))
(/usr/share/texlive/texmf-dist/tex/latex/amsmath/amsmath.sty
Package: amsmath 2016/03/03 v2.15a AMS math features
\@mathmargin=\skip43

For additional information on amsmath, use the `?' option.
(/usr/share/texlive/texmf-dist/tex/latex/amsmath/amstext.sty
Package: amstext 2000/06/29 v2.01 AMS text

(/usr/share/texlive/texmf-dist/tex/latex/amsmath/amsgen.sty
File: amsgen.sty 1999/11/30 v2.0 generic functions
\@emptytoks=\toks18
\ex@=\dimen112
))
(/usr/share/texlive/texmf-dist/tex/latex/amsmath/amsbsy.sty
Package: amsbsy 1999/11/29 v1.2d Bold Symbols
\pmbraise@=\dimen113
)
(/usr/share/texlive/texmf-dist/tex/latex/amsmath/amsopn.sty
Package: amsopn 1999/12/14 v2.01 operator names
)
\inf@bad=\count92
LaTeX Info: Redefining \frac on input line 199.
\uproot@=\count93
\leftroot@=\count94
LaTeX Info: Redefining \overline on input line 297.
\classnum@=\count95
\DOTSCASE@=\count96
LaTeX Info: Redefining \ldots on input line 394.
LaTeX Info: Redefining \dots on input line 397.
LaTeX Info: Redefining \cdots on input line 518.
\Mathstrutbox@=\box26
\strutbox@=\box27
\big@size=\dimen114
LaTeX Font Info:    Redeclaring font encoding OML on input line 630.
LaTeX Font Info:    Redeclaring font encoding OMS on input line 631.
\macc@depth=\count97
\c@MaxMatrixCols=\count98
\dotsspace@=\muskip10
\c@parentequation=\count99
\dspbrk@lvl=\count100
\tag@help=\toks19
\row@=\count101
\column@=\count102
\maxfields@=\count103
\andhelp@=\toks20
\eqnshift@=\dimen115
\alignsep@=\dimen116
\tagshift@=\dimen117
\tagwidth@=\dimen118
\totwidth@=\dimen119
\lineht@=\dimen120
\@envbody=\toks21
\multlinegap=\skip44
\multlinetaggap=\skip45
\mathdisplay@stack=\toks22
LaTeX Info: Redefining \[ on input line 2735.
LaTeX Info: Redefining \] on input line 2736.
)
(/usr/share/texlive/texmf-dist/tex/latex/amsfonts/amsfonts.sty
Package: amsfonts 2013/01/14 v3.01 Basic AMSFonts support
\symAMSa=\mathgroup5
\symAMSb=\mathgroup6
LaTeX Font Info:    Overwriting math alphabet `\mathfrak' in version `bold'
(Font)                  U/euf/m/n --> U/euf/b/n on input line 106.
)
(/usr/share/texlive/texmf-dist/tex/latex/amsfonts/amssymb.sty
Package: amssymb 2013/01/14 v3.01 AMS font symbols
)
(/usr/share/texlive/texmf-dist/tex/latex/amscls/amsthm.sty
Package: amsthm 2015/03/04 v2.20.2
\thm@style=\toks23
\thm@bodyfont=\toks24
\thm@headfont=\toks25
\thm@notefont=\toks26
\thm@headpunct=\toks27
\thm@preskip=\skip46
\thm@postskip=\skip47
\thm@headsep=\skip48
\dth@everypar=\toks28
)
(/usr/share/texlive/texmf-dist/tex/latex/mathtools/mathtools.sty
Package: mathtools 2015/11/12 v1.18 mathematical typesetting tools

(/usr/share/texlive/texmf-dist/tex/latex/tools/calc.sty
Package: calc 2014/10/28 v4.3 Infix arithmetic (KKT,FJ)
\calc@Acount=\count104
\calc@Bcount=\count105
\calc@Adimen=\dimen121
\calc@Bdimen=\dimen122
\calc@Askip=\skip49
\calc@Bskip=\skip50
LaTeX Info: Redefining \setlength on input line 80.
LaTeX Info: Redefining \addtolength on input line 81.
\calc@Ccount=\count106
\calc@Cskip=\skip51
)
(/usr/share/texlive/texmf-dist/tex/latex/mathtools/mhsetup.sty
Package: mhsetup 2010/01/21 v1.2a programming setup (MH)
)
LaTeX Info: Thecontrolsequence`\('isalreadyrobust on input line 129.
LaTeX Info: Thecontrolsequence`\)'isalreadyrobust on input line 129.
LaTeX Info: Thecontrolsequence`\['isalreadyrobust on input line 129.
LaTeX Info: Thecontrolsequence`\]'isalreadyrobust on input line 129.
\g_MT_multlinerow_int=\count107
\l_MT_multwidth_dim=\dimen123
\origjot=\skip52
\l_MT_shortvdotswithinadjustabove_dim=\dimen124
\l_MT_shortvdotswithinadjustbelow_dim=\dimen125
\l_MT_above_intertext_sep=\dimen126
\l_MT_below_intertext_sep=\dimen127
\l_MT_above_shortintertext_sep=\dimen128
\l_MT_below_shortintertext_sep=\dimen129
)
(/usr/share/texlive/texmf-dist/tex/latex/was/icomma.sty
Package: icomma 2002/03/10 v2.0 (WaS)
)
(/usr/share/texlive/texmf-dist/tex/latex/xymtex/base/xymtexpdf.sty
Package `xymtexpdf' (ver5.01) <March 10, 2013> [SF]
xymtexpdf.sty ver5.01 (for LaTeX2e) 2013/03/10[SF]
(/usr/share/texlive/texmf-dist/tex/latex/pict2e/pict2e.cfg
File: pict2e.cfg 2016/02/05 v0.1u pict2e configuration for teTeX/TeXLive
)
(/usr/share/texlive/texmf-dist/tex/latex/eepic/epic.sty
Enhancements to Picture Environment. Version 1.2 - Released June 1, 1986
\@@multicnt=\count108
\d@lta=\count109
\@delta=\dimen130
\@@delta=\dimen131
\@gridcnt=\count110
\@joinkind=\count111
\@dotgap=\dimen132
\@ddotgap=\dimen133
\@x@diff=\count112
\@y@diff=\count113
\x@diff=\dimen134
\y@diff=\dimen135
\@dotbox=\box28
\num@segments=\count114
\num@segmentsi=\count115
\@datafile=\read1
) (/usr/share/texlive/texmf-dist/tex/latex/xymtex/base/chemstr.sty
XyMTeX for Drawing Chemical Structural Formulas. Version 5.01
 -- Released June 19, 2013 by Shinsaku Fujita
XyMTeX Macro File `chemstr' (ver5.01) <June 19, 2013> [SF]
\@tempcntXa=\count116
\@tempcntYa=\count117
\@tempcntz=\count118
\@tempcntXb=\count119
\@tempcntYb=\count120
\@tempcntzz=\count121
\@tempcntXc=\count122
\@tempcntYc=\count123
\@tempcntzzz=\count124
\@tempcntXd=\count125
\@tempcntYd=\count126
\@tempcntzzzz=\count127
\@dimtempa=\dimen136
\@tempdimd=\dimen137
\@tempdime=\dimen138
\@cnttempa=\count128
\@cnttempb=\count129
\noshift=\count130
\shifti=\count131
\shiftii=\count132
\shiftiii=\count133
\@tmpaa=\count134
\yl@xdiff=\count135
\yl@ydiff=\count136
\yl@shiftii=\count137
\yl@shifti=\count138
(/usr/share/texlive/texmf-dist/tex/latex/xcolor/xcolor.sty
Package: xcolor 2007/01/21 v2.11 LaTeX color extensions (UK)

(/usr/share/texlive/texmf-dist/tex/latex/latexconfig/color.cfg
File: color.cfg 2007/01/18 v1.5 color configuration of teTeX/TeXLive
)
Package xcolor Info: Driver file: pdftex.def on input line 225.

(/usr/share/texlive/texmf-dist/tex/latex/pdftex-def/pdftex.def
File: pdftex.def 2011/05/27 v0.06d Graphics/color for pdfTeX

(/usr/share/texlive/texmf-dist/tex/generic/oberdiek/infwarerr.sty
Package: infwarerr 2010/04/08 v1.3 Providing info/warning/error messages (HO)
)
(/usr/share/texlive/texmf-dist/tex/generic/oberdiek/ltxcmds.sty
Package: ltxcmds 2011/11/09 v1.22 LaTeX kernel commands for general use (HO)
)
\Gread@gobject=\count139
)
Package xcolor Info: Model `cmy' substituted by `cmy0' on input line 1337.
Package xcolor Info: Model `hsb' substituted by `rgb' on input line 1341.
Package xcolor Info: Model `RGB' extended on input line 1353.
Package xcolor Info: Model `HTML' substituted by `rgb' on input line 1355.
Package xcolor Info: Model `Hsb' substituted by `hsb' on input line 1356.
Package xcolor Info: Model `tHsb' substituted by `hsb' on input line 1357.
Package xcolor Info: Model `HSB' substituted by `hsb' on input line 1358.
Package xcolor Info: Model `Gray' substituted by `gray' on input line 1359.
Package xcolor Info: Model `wave' substituted by `hsb' on input line 1360.
)
\x@ryl=\count140
\y@ryl=\count141
)
(/usr/share/texlive/texmf-dist/tex/latex/xymtex/base/carom.sty
XyMTeX for Drawing Chemical Structural Formulas. Version 5.00
 -- Released October 01, 2010 by Shinsaku Fujita
XyMTeX Macro File `carom' (ver5.00) <October 01, 2010> [SF]
(/usr/share/texlive/texmf-dist/tex/latex/xymtex/base/hetarom.sty
XyMTeX for Drawing Chemical Structural Formulas. Version 5.01
 -- Released March 19, 2013 by Shinsaku Fujita
XyMTeX Macro File `hetarom' (ver5.01) <March 19, 2013> [SF]
) (/usr/share/texlive/texmf-dist/tex/latex/xymtex/base/hetaromh.sty
XyMTeX for Drawing Chemical Structural Formulas. Version 5.01
 -- Released March 19, 2013 by Shinsaku Fujita
XyMTeX Macro File `hetaromh' (ver5.01) <March 19, 2013> [SF]
)) (/usr/share/texlive/texmf-dist/tex/latex/xymtex/base/hetarom.sty
XyMTeX for Drawing Chemical Structural Formulas. Version 5.01
 -- Released March 19, 2013 by Shinsaku Fujita
XyMTeX Macro File `hetarom' (ver5.01) <March 19, 2013> [SF]
) (/usr/share/texlive/texmf-dist/tex/latex/xymtex/base/hetaromh.sty
XyMTeX for Drawing Chemical Structural Formulas. Version 5.01
 -- Released March 19, 2013 by Shinsaku Fujita
XyMTeX Macro File `hetaromh' (ver5.01) <March 19, 2013> [SF]
) (/usr/share/texlive/texmf-dist/tex/latex/xymtex/base/lowcycle.sty
XyMTeX for Drawing Chemical Structural Formulas. Version 5.00
 -- Released October 01, 2010 by Shinsaku Fujita
XyMTeX Macro File `lowcycle' (ver5.00) <October 01, 2010> [SF]
) (/usr/share/texlive/texmf-dist/tex/latex/xymtex/base/ccycle.sty
XyMTeX for Drawing Chemical Structural Formulas. Version 5.01
 -- Released July 23, 2013 by Shinsaku Fujita
XyMTeX Macro File `ccycle' (ver5.01) <July 23, 2013> [SF]
) (/usr/share/texlive/texmf-dist/tex/latex/xymtex/base/hcycle.sty
XyMTeX for Drawing Chemical Structural Formulas. Version 5.01
 -- Released June 25, 2013 by Shinsaku Fujita
XyMTeX Macro File `hcycle' (ver5.01) <June 25, 2013> [SF]
) (/usr/share/texlive/texmf-dist/tex/latex/xymtex/base/aliphat.sty
XyMTeX for Drawing Chemical Structural Formulas. Version 5.01
 -- Released July 20, 2013 by Shinsaku Fujita
XyMTeX Macro File `aliphat' (ver5.01) <July 20, 2013> [SF]
) (/usr/share/texlive/texmf-dist/tex/latex/xymtex/base/locant.sty
XyMTeX for Drawing Chemical Structural Formulas. Version 5.00
 -- Released October 01, 2010 by Shinsaku Fujita
XyMTeX Macro File `locant' (ver4.00) <October 01, 2010> [SF]
) (/usr/share/texlive/texmf-dist/tex/latex/xymtex/base/polymers.sty
XyMTeX for Drawing Chemical Structural Formulas. Version 5.00
 -- Released October 01, 2010 by Shinsaku Fujita
XyMTeX Macro File `polymers' (ver5.00) <October 01, 2010> [SF]
) (/usr/share/texlive/texmf-dist/tex/latex/xymtex/base/methylen.sty
XyMTeX for Drawing Chemical Structural Formulas. Version 5.01
 -- Released July 20, 2013 by Shinsaku Fujita
XyMTeX Macro File `methylen' (ver5.01) <July 20, 2013> [SF]
\test@termcnt=\count142
) (/usr/share/texlive/texmf-dist/tex/latex/xymtex/base/fusering.sty
XyMTeX for Drawing Chemical Structural Formulas. Version 5.00
 -- Released October 01, 2010 by Shinsaku Fujita
XyMTeX Macro File `fusering' (ver5.00) <October 01, 2010> [SF]
) (/usr/share/texlive/texmf-dist/tex/latex/xymtex/base/sizeredc.sty
XyMTeX for Drawing Chemical Structural Formulas. Version 5.00
 -- Released October 01, 2010 by Shinsaku Fujita
XyMTeX Macro File `sizeredc' (ver5.00) <October 01, 2010> [SF]
\@tempcntx=\count143
\@tempcnty=\count144
\@tempcntz=\count145
\@xArg=\count146
\@yArg=\count147
) (/usr/share/texlive/texmf-dist/tex/latex/xymtex/base/steroid.sty
XyMTeX for Drawing Chemical Structural Formulas. Version 5.00
 -- Released October 01, 2010 by Shinsaku Fujita
XyMTeX Macro File `steroid' (ver5.00) <October 01, 2010> [SF]
) (/usr/share/texlive/texmf-dist/tex/latex/xymtex/base/lewisstruc.sty
Part of XyMTeX for Drawing Chemical Structural Formulas. Version 5.01
 -- Released August 02, 2013 by Shinsaku Fujita
XyMTeX Macro File `lewisstruc' (ver5.01) <August 02, 2013> [SF]
) (/usr/share/texlive/texmf-dist/tex/latex/xymtex/base/bondcolor.sty
Part of XyMTeX for Drawing Chemical Structural Formulas. Version 5.00
 -- Released October 01, 2010 by Shinsaku Fujita
XyMTeX Macro File `bondcolor' (ver5.00) <October 01, 2010> [SF]
) (/usr/share/texlive/texmf-dist/tex/latex/xymtex/base/assurelatexmode.sty
Part of XyMTeX for Drawing Chemical Structural Formulas. Version 5.01
 -- Released May 27, 2013 by Shinsaku Fujita
XyMTeX Macro File `assurelatexmode' (ver5.01) <May 27, 2013> [SF]
) (/usr/share/texlive/texmf-dist/tex/latex/xymtex/xymtxpdf/xymtx-pdf.sty
XyMTeX Macro File `xymtx-pdf' (ver5.01) <June 21, 2013> [SF]
(/usr/share/texlive/texmf-dist/tex/latex/pgf/frontendlayer/tikz.sty
(/usr/share/texlive/texmf-dist/tex/latex/pgf/basiclayer/pgf.sty
(/usr/share/texlive/texmf-dist/tex/latex/pgf/utilities/pgfrcs.sty
(/usr/share/texlive/texmf-dist/tex/generic/pgf/utilities/pgfutil-common.tex
\pgfutil@everybye=\toks29
\pgfutil@tempdima=\dimen139
\pgfutil@tempdimb=\dimen140

(/usr/share/texlive/texmf-dist/tex/generic/pgf/utilities/pgfutil-common-lists.t
ex)) (/usr/share/texlive/texmf-dist/tex/generic/pgf/utilities/pgfutil-latex.def
\pgfutil@abb=\box29
(/usr/share/texlive/texmf-dist/tex/latex/ms/everyshi.sty
Package: everyshi 2001/05/15 v3.00 EveryShipout Package (MS)
))
(/usr/share/texlive/texmf-dist/tex/generic/pgf/utilities/pgfrcs.code.tex
Package: pgfrcs 2015/08/07 v3.0.1a (rcs-revision 1.31)
))
Package: pgf 2015/08/07 v3.0.1a (rcs-revision 1.15)

(/usr/share/texlive/texmf-dist/tex/latex/pgf/basiclayer/pgfcore.sty
(/usr/share/texlive/texmf-dist/tex/latex/graphics/graphicx.sty
Package: graphicx 2014/10/28 v1.0g Enhanced LaTeX Graphics (DPC,SPQR)

(/usr/share/texlive/texmf-dist/tex/latex/graphics/graphics.sty
Package: graphics 2016/01/03 v1.0q Standard LaTeX Graphics (DPC,SPQR)

(/usr/share/texlive/texmf-dist/tex/latex/graphics/trig.sty
Package: trig 2016/01/03 v1.10 sin cos tan (DPC)
)
(/usr/share/texlive/texmf-dist/tex/latex/latexconfig/graphics.cfg
File: graphics.cfg 2010/04/23 v1.9 graphics configuration of TeX Live
)
Package graphics Info: Driver file: pdftex.def on input line 95.
)
\Gin@req@height=\dimen141
\Gin@req@width=\dimen142
)
(/usr/share/texlive/texmf-dist/tex/latex/pgf/systemlayer/pgfsys.sty
(/usr/share/texlive/texmf-dist/tex/generic/pgf/systemlayer/pgfsys.code.tex
Package: pgfsys 2014/07/09 v3.0.1a (rcs-revision 1.48)

(/usr/share/texlive/texmf-dist/tex/generic/pgf/utilities/pgfkeys.code.tex
\pgfkeys@pathtoks=\toks30
\pgfkeys@temptoks=\toks31

(/usr/share/texlive/texmf-dist/tex/generic/pgf/utilities/pgfkeysfiltered.code.t
ex
\pgfkeys@tmptoks=\toks32
))
\pgf@x=\dimen143
\pgf@y=\dimen144
\pgf@xa=\dimen145
\pgf@ya=\dimen146
\pgf@xb=\dimen147
\pgf@yb=\dimen148
\pgf@xc=\dimen149
\pgf@yc=\dimen150
\w@pgf@writea=\write3
\r@pgf@reada=\read2
\c@pgf@counta=\count148
\c@pgf@countb=\count149
\c@pgf@countc=\count150
\c@pgf@countd=\count151
\t@pgf@toka=\toks33
\t@pgf@tokb=\toks34
\t@pgf@tokc=\toks35
 (/usr/share/texlive/texmf-dist/tex/generic/pgf/systemlayer/pgf.cfg
File: pgf.cfg 2008/05/14  (rcs-revision 1.7)
)
Driver file for pgf: pgfsys-pdftex.def

(/usr/share/texlive/texmf-dist/tex/generic/pgf/systemlayer/pgfsys-pdftex.def
File: pgfsys-pdftex.def 2014/10/11  (rcs-revision 1.35)

(/usr/share/texlive/texmf-dist/tex/generic/pgf/systemlayer/pgfsys-common-pdf.de
f
File: pgfsys-common-pdf.def 2013/10/10  (rcs-revision 1.13)
)))
(/usr/share/texlive/texmf-dist/tex/generic/pgf/systemlayer/pgfsyssoftpath.code.
tex
File: pgfsyssoftpath.code.tex 2013/09/09  (rcs-revision 1.9)
\pgfsyssoftpath@smallbuffer@items=\count152
\pgfsyssoftpath@bigbuffer@items=\count153
)
(/usr/share/texlive/texmf-dist/tex/generic/pgf/systemlayer/pgfsysprotocol.code.
tex
File: pgfsysprotocol.code.tex 2006/10/16  (rcs-revision 1.4)
))
(/usr/share/texlive/texmf-dist/tex/generic/pgf/basiclayer/pgfcore.code.tex
Package: pgfcore 2010/04/11 v3.0.1a (rcs-revision 1.7)

(/usr/share/texlive/texmf-dist/tex/generic/pgf/math/pgfmath.code.tex
(/usr/share/texlive/texmf-dist/tex/generic/pgf/math/pgfmathcalc.code.tex
(/usr/share/texlive/texmf-dist/tex/generic/pgf/math/pgfmathutil.code.tex)
(/usr/share/texlive/texmf-dist/tex/generic/pgf/math/pgfmathparser.code.tex
\pgfmath@dimen=\dimen151
\pgfmath@count=\count154
\pgfmath@box=\box30
\pgfmath@toks=\toks36
\pgfmath@stack@operand=\toks37
\pgfmath@stack@operation=\toks38
)
(/usr/share/texlive/texmf-dist/tex/generic/pgf/math/pgfmathfunctions.code.tex
(/usr/share/texlive/texmf-dist/tex/generic/pgf/math/pgfmathfunctions.basic.code
.tex)
(/usr/share/texlive/texmf-dist/tex/generic/pgf/math/pgfmathfunctions.trigonomet
ric.code.tex)
(/usr/share/texlive/texmf-dist/tex/generic/pgf/math/pgfmathfunctions.random.cod
e.tex)
(/usr/share/texlive/texmf-dist/tex/generic/pgf/math/pgfmathfunctions.comparison
.code.tex)
(/usr/share/texlive/texmf-dist/tex/generic/pgf/math/pgfmathfunctions.base.code.
tex)
(/usr/share/texlive/texmf-dist/tex/generic/pgf/math/pgfmathfunctions.round.code
.tex)
(/usr/share/texlive/texmf-dist/tex/generic/pgf/math/pgfmathfunctions.misc.code.
tex)
(/usr/share/texlive/texmf-dist/tex/generic/pgf/math/pgfmathfunctions.integerari
thmetics.code.tex)))
(/usr/share/texlive/texmf-dist/tex/generic/pgf/math/pgfmathfloat.code.tex
\c@pgfmathroundto@lastzeros=\count155
))
(/usr/share/texlive/texmf-dist/tex/generic/pgf/basiclayer/pgfcorepoints.code.te
x
File: pgfcorepoints.code.tex 2013/10/07  (rcs-revision 1.27)
\pgf@picminx=\dimen152
\pgf@picmaxx=\dimen153
\pgf@picminy=\dimen154
\pgf@picmaxy=\dimen155
\pgf@pathminx=\dimen156
\pgf@pathmaxx=\dimen157
\pgf@pathminy=\dimen158
\pgf@pathmaxy=\dimen159
\pgf@xx=\dimen160
\pgf@xy=\dimen161
\pgf@yx=\dimen162
\pgf@yy=\dimen163
\pgf@zx=\dimen164
\pgf@zy=\dimen165
)
(/usr/share/texlive/texmf-dist/tex/generic/pgf/basiclayer/pgfcorepathconstruct.
code.tex
File: pgfcorepathconstruct.code.tex 2013/10/07  (rcs-revision 1.29)
\pgf@path@lastx=\dimen166
\pgf@path@lasty=\dimen167
)
(/usr/share/texlive/texmf-dist/tex/generic/pgf/basiclayer/pgfcorepathusage.code
.tex
File: pgfcorepathusage.code.tex 2014/11/02  (rcs-revision 1.24)
\pgf@shorten@end@additional=\dimen168
\pgf@shorten@start@additional=\dimen169
)
(/usr/share/texlive/texmf-dist/tex/generic/pgf/basiclayer/pgfcorescopes.code.te
x
File: pgfcorescopes.code.tex 2015/05/08  (rcs-revision 1.46)
\pgfpic=\box31
\pgf@hbox=\box32
\pgf@layerbox@main=\box33
\pgf@picture@serial@count=\count156
)
(/usr/share/texlive/texmf-dist/tex/generic/pgf/basiclayer/pgfcoregraphicstate.c
ode.tex
File: pgfcoregraphicstate.code.tex 2014/11/02  (rcs-revision 1.12)
\pgflinewidth=\dimen170
)
(/usr/share/texlive/texmf-dist/tex/generic/pgf/basiclayer/pgfcoretransformation
s.code.tex
File: pgfcoretransformations.code.tex 2015/08/07  (rcs-revision 1.20)
\pgf@pt@x=\dimen171
\pgf@pt@y=\dimen172
\pgf@pt@temp=\dimen173
)
(/usr/share/texlive/texmf-dist/tex/generic/pgf/basiclayer/pgfcorequick.code.tex
File: pgfcorequick.code.tex 2008/10/09  (rcs-revision 1.3)
)
(/usr/share/texlive/texmf-dist/tex/generic/pgf/basiclayer/pgfcoreobjects.code.t
ex
File: pgfcoreobjects.code.tex 2006/10/11  (rcs-revision 1.2)
)
(/usr/share/texlive/texmf-dist/tex/generic/pgf/basiclayer/pgfcorepathprocessing
.code.tex
File: pgfcorepathprocessing.code.tex 2013/09/09  (rcs-revision 1.9)
)
(/usr/share/texlive/texmf-dist/tex/generic/pgf/basiclayer/pgfcorearrows.code.te
x
File: pgfcorearrows.code.tex 2015/05/14  (rcs-revision 1.43)
\pgfarrowsep=\dimen174
)
(/usr/share/texlive/texmf-dist/tex/generic/pgf/basiclayer/pgfcoreshade.code.tex
File: pgfcoreshade.code.tex 2013/07/15  (rcs-revision 1.15)
\pgf@max=\dimen175
\pgf@sys@shading@range@num=\count157
)
(/usr/share/texlive/texmf-dist/tex/generic/pgf/basiclayer/pgfcoreimage.code.tex
File: pgfcoreimage.code.tex 2013/07/15  (rcs-revision 1.18)

(/usr/share/texlive/texmf-dist/tex/generic/pgf/basiclayer/pgfcoreexternal.code.
tex
File: pgfcoreexternal.code.tex 2014/07/09  (rcs-revision 1.21)
\pgfexternal@startupbox=\box34
))
(/usr/share/texlive/texmf-dist/tex/generic/pgf/basiclayer/pgfcorelayers.code.te
x
File: pgfcorelayers.code.tex 2013/07/18  (rcs-revision 1.7)
)
(/usr/share/texlive/texmf-dist/tex/generic/pgf/basiclayer/pgfcoretransparency.c
ode.tex
File: pgfcoretransparency.code.tex 2013/09/30  (rcs-revision 1.5)
)
(/usr/share/texlive/texmf-dist/tex/generic/pgf/basiclayer/pgfcorepatterns.code.
tex
File: pgfcorepatterns.code.tex 2013/11/07  (rcs-revision 1.5)
)))
(/usr/share/texlive/texmf-dist/tex/generic/pgf/modules/pgfmoduleshapes.code.tex
File: pgfmoduleshapes.code.tex 2014/03/21  (rcs-revision 1.35)
\pgfnodeparttextbox=\box35
) (/usr/share/texlive/texmf-dist/tex/generic/pgf/modules/pgfmoduleplot.code.tex
File: pgfmoduleplot.code.tex 2015/08/03  (rcs-revision 1.13)
)
(/usr/share/texlive/texmf-dist/tex/latex/pgf/compatibility/pgfcomp-version-0-65
.sty
Package: pgfcomp-version-0-65 2007/07/03 v3.0.1a (rcs-revision 1.7)
\pgf@nodesepstart=\dimen176
\pgf@nodesepend=\dimen177
)
(/usr/share/texlive/texmf-dist/tex/latex/pgf/compatibility/pgfcomp-version-1-18
.sty
Package: pgfcomp-version-1-18 2007/07/23 v3.0.1a (rcs-revision 1.1)
)) (/usr/share/texlive/texmf-dist/tex/latex/pgf/utilities/pgffor.sty
(/usr/share/texlive/texmf-dist/tex/latex/pgf/utilities/pgfkeys.sty
(/usr/share/texlive/texmf-dist/tex/generic/pgf/utilities/pgfkeys.code.tex))
(/usr/share/texlive/texmf-dist/tex/latex/pgf/math/pgfmath.sty
(/usr/share/texlive/texmf-dist/tex/generic/pgf/math/pgfmath.code.tex))
(/usr/share/texlive/texmf-dist/tex/generic/pgf/utilities/pgffor.code.tex
Package: pgffor 2013/12/13 v3.0.1a (rcs-revision 1.25)

(/usr/share/texlive/texmf-dist/tex/generic/pgf/math/pgfmath.code.tex)
\pgffor@iter=\dimen178
\pgffor@skip=\dimen179
\pgffor@stack=\toks39
\pgffor@toks=\toks40
))
(/usr/share/texlive/texmf-dist/tex/generic/pgf/frontendlayer/tikz/tikz.code.tex
Package: tikz 2015/08/07 v3.0.1a (rcs-revision 1.151)

(/usr/share/texlive/texmf-dist/tex/generic/pgf/libraries/pgflibraryplothandlers
.code.tex
File: pgflibraryplothandlers.code.tex 2013/08/31 v3.0.1a (rcs-revision 1.20)
\pgf@plot@mark@count=\count158
\pgfplotmarksize=\dimen180
)
\tikz@lastx=\dimen181
\tikz@lasty=\dimen182
\tikz@lastxsaved=\dimen183
\tikz@lastysaved=\dimen184
\tikzleveldistance=\dimen185
\tikzsiblingdistance=\dimen186
\tikz@figbox=\box36
\tikz@figbox@bg=\box37
\tikz@tempbox=\box38
\tikz@tempbox@bg=\box39
\tikztreelevel=\count159
\tikznumberofchildren=\count160
\tikznumberofcurrentchild=\count161
\tikz@fig@count=\count162

(/usr/share/texlive/texmf-dist/tex/generic/pgf/modules/pgfmodulematrix.code.tex
File: pgfmodulematrix.code.tex 2013/09/17  (rcs-revision 1.8)
\pgfmatrixcurrentrow=\count163
\pgfmatrixcurrentcolumn=\count164
\pgf@matrix@numberofcolumns=\count165
)
\tikz@expandcount=\count166

(/usr/share/texlive/texmf-dist/tex/generic/pgf/frontendlayer/tikz/libraries/tik
zlibrarytopaths.code.tex
File: tikzlibrarytopaths.code.tex 2008/06/17 v3.0.1a (rcs-revision 1.2)
)))
(/usr/share/texlive/texmf-dist/tex/generic/pgf/frontendlayer/tikz/libraries/tik
zlibraryarrows.code.tex
File: tikzlibraryarrows.code.tex 2008/01/09 v3.0.1a (rcs-revision 1.1)

(/usr/share/texlive/texmf-dist/tex/generic/pgf/libraries/pgflibraryarrows.code.
tex
File: pgflibraryarrows.code.tex 2013/09/23 v3.0.1a (rcs-revision 1.16)
\arrowsize=\dimen187
))
(/usr/share/texlive/texmf-dist/tex/generic/pgf/frontendlayer/tikz/libraries/tik
zlibrarydecorations.pathmorphing.code.tex
(/usr/share/texlive/texmf-dist/tex/generic/pgf/frontendlayer/tikz/libraries/tik
zlibrarydecorations.code.tex
(/usr/share/texlive/texmf-dist/tex/generic/pgf/modules/pgfmoduledecorations.cod
e.tex
\pgfdecoratedcompleteddistance=\dimen188
\pgfdecoratedremainingdistance=\dimen189
\pgfdecoratedinputsegmentcompleteddistance=\dimen190
\pgfdecoratedinputsegmentremainingdistance=\dimen191
\pgf@decorate@distancetomove=\dimen192
\pgf@decorate@repeatstate=\count167
\pgfdecorationsegmentamplitude=\dimen193
\pgfdecorationsegmentlength=\dimen194
)
\tikz@lib@dec@box=\box40
)
(/usr/share/texlive/texmf-dist/tex/generic/pgf/libraries/decorations/pgflibrary
decorations.pathmorphing.code.tex))
(/usr/share/texlive/texmf-dist/tex/generic/pgf/frontendlayer/tikz/libraries/tik
zlibrarybackgrounds.code.tex
File: tikzlibrarybackgrounds.code.tex 2013/07/18 v3.0.1a (rcs-revision 1.3)
\pgf@layerbox@background=\box41
\pgf@layerboxsaved@background=\box42
)
(/usr/share/texlive/texmf-dist/tex/generic/pgf/frontendlayer/tikz/libraries/tik
zlibraryfit.code.tex
File: tikzlibraryfit.code.tex 2013/07/12 v3.0.1a (rcs-revision 1.5)
)
(/usr/share/texlive/texmf-dist/tex/generic/pgf/frontendlayer/tikz/libraries/tik
zlibrarycalc.code.tex
File: tikzlibrarycalc.code.tex 2013/07/15 v3.0.1a (rcs-revision 1.9)
)
\XyMTeXnuma=\count168
\XyMTeXnumb=\count169
\XyMTeXnumc=\count170
\XyMTeXnumd=\count171
\XyMTeXnume=\count172
\XyMTeXnumf=\count173
\XyMTeXnumg=\count174
\XyMTeXnumh=\count175
\XyMTeXnumi=\count176
\XyMTeXcnta=\count177
\XyMTeXcntb=\count178
\XyMTeXdima=\dimen195
\XyMTeXdimb=\dimen196
\XyMTeXdimc=\dimen197
\XyMTeXdimd=\dimen198
\XyMTeXdime=\dimen199
\BondBox=\box43
\@tempcntXa=\count179
\@tempcntYa=\count180
\@tempcntz=\count181
\@tempcntXb=\count182
\@tempcntYb=\count183
\@tempcntzz=\count184
\@tempcntXc=\count185
\@tempcntYc=\count186
\@tempcntzzz=\count187
\Temp@ArCords=\toks41
)
(/usr/share/texlive/texmf-dist/tex/latex/xymtex/xymtxpdf/chmst-pdf.sty
Package `chmst-pdf' (ver5.00) <October 01, 2010> [SF]
chmst-pdf.sty ver5.00 (for LaTeX2e) 2010/10/01[SF]
(/usr/share/texlive/texmf-dist/tex/latex/xymtex/chemist/chemist.sty
Package `chemist' (ver5.01) <June 6, 2013> [SF]
chemist.sty ver5.01 (for LaTeX2e) 2013/06/06[SF]
\c@compd=\count188
\c@deriv=\count189
\reactarrowsep=\dimen256
\verbatimleftmargin=\dimen257
\verbatimbaselineskip=\dimen258
\hsgr@d=\dimen259
\vsgr@d=\dimen260
\vwgr@d=\dimen261
\hwgr@d=\dimen262
\vsepgr@d=\dimen263
\hsepgr@d=\dimen264
\nrep=\count190
\nrepmax=\count191
\ybaselineshift=\dimen265
\tbaselineshift=\dimen266
\@savetbaselineshift=\dimen267
LaTeX Info: Redefining \rm on input line 788.
LaTeX Info: Redefining \mathversion on input line 892.
\c@mv@chem=\count192
LaTeX Font Info:    Encoding `OML' has changed to `OT1' for symbol font
(Font)              `letters' in the math version `chem' on input line 965.
LaTeX Font Info:    Overwriting symbol font `letters' in version `chem'
(Font)                  OML/cmm/m/it --> OT1/cmr/m/n on input line 965.
LaTeX Font Info:    Overwriting symbol font `operators' in version `chem'
(Font)                  OT1/cmr/m/n --> OT1/cmr/m/n on input line 965.
LaTeX Font Info:    Overwriting symbol font `symbols' in version `chem'
(Font)                  OMS/cmsy/m/n --> OMS/cmsy/m/n on input line 965.
\c@mv@boldchem=\count193
LaTeX Font Info:    Overwriting symbol font `operators' in version `boldchem'
(Font)                  OT1/cmr/m/n --> OT1/cmr/bx/n on input line 965.
LaTeX Font Info:    Encoding `OML' has changed to `OT1' for symbol font
(Font)              `letters' in the math version `boldchem' on input line 965.

LaTeX Font Info:    Overwriting symbol font `letters' in version `boldchem'
(Font)                  OML/cmm/m/it --> OT1/cmr/b/n on input line 965.
LaTeX Font Info:    Overwriting symbol font `symbols' in version `boldchem'
(Font)                  OMS/cmsy/m/n --> OMS/cmsy/b/n on input line 965.
\TestCount=\count194
(/usr/share/texlive/texmf-dist/tex/latex/xymtex/chemist/assurechemist.sty
Part of XyMTeX for Drawing Chemical Structural Formulas. Version 5.00
 -- Released October 01, 2010 by Shinsaku Fujita
XyMTeX Macro File `assurechemist' (ver5.00) <October 01, 2010> [SF]
))
\@tempdimX=\dimen268
\@tempdimY=\dimen269
\@tempdimX=\dimen270
)) (/usr/share/texlive/texmf-dist/tex/latex/rotating/rotating.sty
Package: rotating 2009/03/28 v2.16a rotated objects in LaTeX

(/usr/share/texlive/texmf-dist/tex/latex/base/ifthen.sty
Package: ifthen 2014/09/29 v1.1c Standard LaTeX ifthen package (DPC)
)
\c@r@tfl@t=\count195
\rotFPtop=\skip53
\rotFPbot=\skip54
\rot@float@box=\box44
\rot@mess@toks=\toks42
)
(/usr/share/texlive/texmf-dist/tex/latex/wrapfig/wrapfig.sty
\wrapoverhang=\dimen271
\WF@size=\dimen272
\c@WF@wrappedlines=\count196
\WF@box=\box45
\WF@everypar=\toks43
Package: wrapfig 2003/01/31  v 3.6
)
(/usr/share/texlive/texmf-dist/tex/latex/float/float.sty
Package: float 2001/11/08 v1.3d Float enhancements (AL)
\c@float@type=\count197
\float@exts=\toks44
\float@box=\box46
\@float@everytoks=\toks45
\@floatcapt=\box47
)
(/usr/share/texlive/texmf-dist/tex/latex/tools/array.sty
Package: array 2014/10/28 v2.4c Tabular extension package (FMi)
\col@sep=\dimen273
\extrarowheight=\dimen274
\NC@list=\toks46
\extratabsurround=\skip55
\backup@length=\skip56
)
(/usr/share/texlive/texmf-dist/tex/latex/tools/tabularx.sty
Package: tabularx 2014/10/28 v2.10 `tabularx' package (DPC)
\TX@col@width=\dimen275
\TX@old@table=\dimen276
\TX@old@col=\dimen277
\TX@target=\dimen278
\TX@delta=\dimen279
\TX@cols=\count198
\TX@ftn=\toks47
)
(/usr/share/texlive/texmf-dist/tex/latex/tabulary/tabulary.sty
Package: tabulary 2014/06/11 v0.10 tabulary package (DPC)
\TY@count=\count199
\TY@linewidth=\dimen280
\tymin=\dimen281
\tymax=\dimen282
\TY@tablewidth=\dimen283
)
(/usr/share/texlive/texmf-dist/tex/latex/booktabs/booktabs.sty
Package: booktabs 2005/04/14 v1.61803 publication quality tables
\heavyrulewidth=\dimen284
\lightrulewidth=\dimen285
\cmidrulewidth=\dimen286
\belowrulesep=\dimen287
\belowbottomsep=\dimen288
\aboverulesep=\dimen289
\abovetopsep=\dimen290
\cmidrulesep=\dimen291
\cmidrulekern=\dimen292
\defaultaddspace=\dimen293
\@cmidla=\count266
\@cmidlb=\count267
\@aboverulesep=\dimen294
\@belowrulesep=\dimen295
\@thisruleclass=\count268
\@lastruleclass=\count269
\@thisrulewidth=\dimen296
)
(/usr/share/texlive/texmf-dist/tex/latex/tools/longtable.sty
Package: longtable 2014/10/28 v4.11 Multi-page Table package (DPC)
\LTleft=\skip57
\LTright=\skip58
\LTpre=\skip59
\LTpost=\skip60
\LTchunksize=\count270
\LTcapwidth=\dimen297
\LT@head=\box48
\LT@firsthead=\box49
\LT@foot=\box50
\LT@lastfoot=\box51
\LT@cols=\count271
\LT@rows=\count272
\c@LT@tables=\count273
\c@LT@chunks=\count274
\LT@p@ftn=\toks48
)
(/usr/share/texlive/texmf-dist/tex/latex/multirow/multirow.sty
\bigstrutjot=\dimen298
)
(/usr/share/texlive/texmf-dist/tex/latex/etoolbox/etoolbox.sty
Package: etoolbox 2015/08/02 v2.2a e-TeX tools for LaTeX (JAW)
\etb@tempcnta=\count275
)
(/usr/share/texlive/texmf-dist/tex/generic/pgf/frontendlayer/tikz/libraries/tik
zlibrarypatterns.code.tex
File: tikzlibrarypatterns.code.tex 2008/01/15 v3.0.1a (rcs-revision 1.2)

(/usr/share/texlive/texmf-dist/tex/generic/pgf/libraries/pgflibrarypatterns.cod
e.tex
File: pgflibrarypatterns.code.tex 2008/03/03 v3.0.1a (rcs-revision 1.13)
))
(/usr/share/texlive/texmf-dist/tex/generic/pgf/frontendlayer/tikz/libraries/tik
zlibraryshadows.code.tex
File: tikzlibraryshadows.code.tex 2008/01/13 v3.0.1a (rcs-revision 1.3)

(/usr/share/texlive/texmf-dist/tex/generic/pgf/frontendlayer/tikz/libraries/tik
zlibraryfadings.code.tex
File: tikzlibraryfadings.code.tex 2009/11/15 v3.0.1a (rcs-revision 1.2)

(/usr/share/texlive/texmf-dist/tex/generic/pgf/libraries/pgflibraryfadings.code
.tex
File: pgflibraryfadings.code.tex 2008/02/07 v3.0.1a (rcs-revision 1.3)
)))
(/usr/share/texlive/texmf-dist/tex/generic/pgf/frontendlayer/tikz/libraries/tik
zlibrarydecorations.pathreplacing.code.tex
(/usr/share/texlive/texmf-dist/tex/generic/pgf/libraries/decorations/pgflibrary
decorations.pathreplacing.code.tex))
(/usr/share/texlive/texmf-dist/tex/generic/pgf/frontendlayer/tikz/libraries/tik
zlibraryshapes.misc.code.tex
File: tikzlibraryshapes.misc.code.tex 2008/01/09 v3.0.1a (rcs-revision 1.1)

(/usr/share/texlive/texmf-dist/tex/generic/pgf/libraries/shapes/pgflibraryshape
s.misc.code.tex
File: pgflibraryshapes.misc.code.tex 2013/07/18 v3.0.1a (rcs-revision 1.5)
))
(/usr/share/texlive/texmf-dist/tex/latex/tools/indentfirst.sty
Package: indentfirst 1995/11/23 v1.03 Indent first paragraph (DPC)
)
\c@nlab=\count276
\c@zadacha.count=\count277
\c@primer.count=\count278

(/usr/share/texlive/texmf-dist/tex/latex/menukeys/menukeys.sty
Package: menukeys 2014/03/10 v1.3 a package to format menus paths and shortcuts


(/usr/share/texlive/texmf-dist/tex/latex/l3packages/xparse/xparse.sty
(/usr/share/texlive/texmf-dist/tex/latex/l3kernel/expl3.sty
Package: expl3 2016/01/19 v6377 L3 programming layer (loader) 

(/usr/share/texlive/texmf-dist/tex/latex/l3kernel/expl3-code.tex
Package: expl3 2016/01/19 v6377 L3 programming layer (code)
L3 Module: l3bootstrap 2016/01/01 v6339 L3 Bootstrap code
L3 Module: l3names 2015/12/21 v6328 L3 Namespace for primitives
L3 Module: l3basics 2015/11/22 v6315 L3 Basic definitions
L3 Module: l3expan 2015/09/10 v5983 L3 Argument expansion
L3 Module: l3tl 2015/09/29 v6121 L3 Token lists
L3 Module: l3str 2016/01/03 v6357 L3 Strings
L3 Module: l3seq 2015/08/05 v5777 L3 Sequences and stacks
L3 Module: l3int 2016/01/05 v6366 L3 Integers
\c_max_int=\count279
\l_tmpa_int=\count280
\l_tmpb_int=\count281
\g_tmpa_int=\count282
\g_tmpb_int=\count283
L3 Module: l3quark 2015/08/17 v5855 L3 Quarks
L3 Module: l3prg 2015/11/01 v6216 L3 Control structures
\g__prg_map_int=\count284
L3 Module: l3clist 2015/09/02 v5901 L3 Comma separated lists
L3 Module: l3token 2015/11/11 v6249 L3 Experimental token manipulation
L3 Module: l3prop 2016/01/05 v6366 L3 Property lists
L3 Module: l3msg 2015/09/28 v6113 L3 Messages
L3 Module: l3file 2015/12/03 v6317 L3 File and I/O operations
\l_iow_line_count_int=\count285
\l__iow_target_count_int=\count286
\l__iow_current_line_int=\count287
\l__iow_current_word_int=\count288
\l__iow_current_indentation_int=\count289
L3 Module: l3skip 2016/01/05 v6366 L3 Dimensions and skips
\c_zero_dim=\dimen299
\c_max_dim=\dimen300
\l_tmpa_dim=\dimen301
\l_tmpb_dim=\dimen302
\g_tmpa_dim=\dimen303
\g_tmpb_dim=\dimen304
\c_zero_skip=\skip61
\c_max_skip=\skip62
\l_tmpa_skip=\skip63
\l_tmpb_skip=\skip64
\g_tmpa_skip=\skip65
\g_tmpb_skip=\skip66
\c_zero_muskip=\muskip11
\c_max_muskip=\muskip12
\l_tmpa_muskip=\muskip13
\l_tmpb_muskip=\muskip14
\g_tmpa_muskip=\muskip15
\g_tmpb_muskip=\muskip16
L3 Module: l3keys 2015/11/17 v6284 L3 Key-value interfaces
\g__keyval_level_int=\count290
\l_keys_choice_int=\count291
L3 Module: l3fp 2015/08/25 v5890 L3 Floating points
\c__fp_leading_shift_int=\count292
\c__fp_middle_shift_int=\count293
\c__fp_trailing_shift_int=\count294
\c__fp_big_leading_shift_int=\count295
\c__fp_big_middle_shift_int=\count296
\c__fp_big_trailing_shift_int=\count297
\c__fp_Bigg_leading_shift_int=\count298
\c__fp_Bigg_middle_shift_int=\count299
\c__fp_Bigg_trailing_shift_int=\count300
L3 Module: l3box 2015/08/09 v5822 L3 Experimental boxes
\c_empty_box=\box52
\l_tmpa_box=\box53
\l_tmpb_box=\box54
\g_tmpa_box=\box55
\g_tmpb_box=\box56
L3 Module: l3coffins 2015/08/06 v5789 L3 Coffin code layer
\l__coffin_internal_box=\box57
\l__coffin_internal_dim=\dimen305
\l__coffin_offset_x_dim=\dimen306
\l__coffin_offset_y_dim=\dimen307
\l__coffin_x_dim=\dimen308
\l__coffin_y_dim=\dimen309
\l__coffin_x_prime_dim=\dimen310
\l__coffin_y_prime_dim=\dimen311
\c_empty_coffin=\box58
\l__coffin_aligned_coffin=\box59
\l__coffin_aligned_internal_coffin=\box60
\l_tmpa_coffin=\box61
\l_tmpb_coffin=\box62
\l__coffin_display_coffin=\box63
\l__coffin_display_coord_coffin=\box64
\l__coffin_display_pole_coffin=\box65
\l__coffin_display_offset_dim=\dimen312
\l__coffin_display_x_dim=\dimen313
\l__coffin_display_y_dim=\dimen314
L3 Module: l3color 2014/08/23 v5354 L3 Experimental color support
L3 Module: l3sys 2015/09/25 v6087 L3 Experimental system/runtime functions
L3 Module: l3candidates 2016/01/14 v6376 L3 Experimental additions to l3kernel
\l__box_top_dim=\dimen315
\l__box_bottom_dim=\dimen316
\l__box_left_dim=\dimen317
\l__box_right_dim=\dimen318
\l__box_top_new_dim=\dimen319
\l__box_bottom_new_dim=\dimen320
\l__box_left_new_dim=\dimen321
\l__box_right_new_dim=\dimen322
\l__box_internal_box=\box66
\l__coffin_bounding_shift_dim=\dimen323
\l__coffin_left_corner_dim=\dimen324
\l__coffin_right_corner_dim=\dimen325
\l__coffin_bottom_corner_dim=\dimen326
\l__coffin_top_corner_dim=\dimen327
\l__coffin_scaled_total_height_dim=\dimen328
\l__coffin_scaled_width_dim=\dimen329
L3 Module: l3luatex 2015/11/11 v6250 L3 Experimental LuaTeX-specific functions
)
(/usr/share/texlive/texmf-dist/tex/latex/l3kernel/l3pdfmode.def
File: l3pdfmode.def 2015/11/11 v6250 L3 Experimental driver: PDF mode
\l__driver_color_stack_int=\count301
))
Package: xparse 2016/01/19 v6377 L3 Experimental document command parser
\l__xparse_current_arg_int=\count302
\l__xparse_m_args_int=\count303
\l__xparse_mandatory_args_int=\count304
\l__xparse_processor_int=\count305
\l__xparse_v_nesting_int=\count306
)
(/usr/share/texlive/texmf-dist/tex/generic/xstring/xstring.sty
(/usr/share/texlive/texmf-dist/tex/generic/xstring/xstring.tex
\@xs@message=\write4
\integerpart=\count307
\decimalpart=\count308
)
Package: xstring 2013/10/13  v1.7c  String manipulations (C Tellechea)
)
(/usr/share/texlive/texmf-dist/tex/generic/pgf/frontendlayer/tikz/libraries/tik
zlibraryshapes.symbols.code.tex
File: tikzlibraryshapes.symbols.code.tex 2008/01/09 v3.0.1a (rcs-revision 1.1)

(/usr/share/texlive/texmf-dist/tex/generic/pgf/libraries/shapes/pgflibraryshape
s.symbols.code.tex
File: pgflibraryshapes.symbols.code.tex 2013/09/11 v3.0.1a (rcs-revision 1.6)
))
(/usr/share/texlive/texmf-dist/tex/latex/adjustbox/adjustbox.sty
Package: adjustbox 2012/05/21 v1.0 Adjusting TeX boxes (trim, clip, ...)

(/usr/share/texlive/texmf-dist/tex/latex/xkeyval/xkeyval.sty
Package: xkeyval 2014/12/03 v2.7a package option processing (HA)

(/usr/share/texlive/texmf-dist/tex/generic/xkeyval/xkeyval.tex
(/usr/share/texlive/texmf-dist/tex/generic/xkeyval/xkvutils.tex
\XKV@toks=\toks49
\XKV@tempa@toks=\toks50
)
\XKV@depth=\count309
File: xkeyval.tex 2014/12/03 v2.7a key=value parser (HA)
))
(/usr/share/texlive/texmf-dist/tex/latex/adjustbox/adjcalc.sty
Package: adjcalc 2012/05/16 v1.1 Provides advanced setlength with multiple back
-ends (calc, etex, pgfmath)
)
(/usr/share/texlive/texmf-dist/tex/latex/adjustbox/trimclip.sty
Package: trimclip 2012/05/16 v1.0 Trim and clip general TeX material

(/usr/share/texlive/texmf-dist/tex/latex/collectbox/collectbox.sty
Package: collectbox 2012/05/17 v0.4b Collect macro arguments as boxes
\collectedbox=\box67
)
\tc@llx=\dimen330
\tc@lly=\dimen331
\tc@urx=\dimen332
\tc@ury=\dimen333
Package trimclip Info: Using driver 'tc-pdftex.def'.

(/usr/share/texlive/texmf-dist/tex/latex/adjustbox/tc-pdftex.def
File: tc-pdftex.def 2012/05/13 v1.0 Clipping driver for pdftex
))
\adjbox@Width=\dimen334
\adjbox@Height=\dimen335
\adjbox@Depth=\dimen336
\adjbox@Totalheight=\dimen337

(/usr/share/texlive/texmf-dist/tex/latex/ifoddpage/ifoddpage.sty
Package: ifoddpage 2011/09/13 v1.0 Conditionals for odd/even page detection
\c@checkoddpage=\count310
)
(/usr/share/texlive/texmf-dist/tex/latex/varwidth/varwidth.sty
Package: varwidth 2009/03/30 ver 0.92;  Variable-width minipages
\@vwid@box=\box68
\sift@deathcycles=\count311
\@vwid@loff=\dimen338
\@vwid@roff=\dimen339
))
(/usr/share/texlive/texmf-dist/tex/latex/relsize/relsize.sty
Package: relsize 2013/03/29 ver 4.1
)
(/usr/share/texlive/texmf-dist/tex/latex/catoptions/catoptions.sty
\m@one=\count312
\z@pt=\dimen340
Package: catoptions 2014/08/29 v0.2.7h Securing catcodes and parsing options (A
M)
\cpt@csvdepth=\count313
\cpt@optdepth=\count314
\cpt@cnta=\count315
\indrisdepth=\count316
\cpt@foreachdepth=\count317
\cpt@exprcnt=\count318
)
.................................................
. LaTeX info: "xparse/define-command"
. 
. Defining command \tw@mk@gobble@args with sig. 'm' on line 50.
.................................................

(/usr/share/texlive/texmf-dist/tex/latex/oberdiek/kvoptions.sty
Package: kvoptions 2011/06/30 v3.11 Key value format for package options (HO)

(/usr/share/texlive/texmf-dist/tex/generic/oberdiek/kvsetkeys.sty
Package: kvsetkeys 2012/04/25 v1.16 Key value parser (HO)

(/usr/share/texlive/texmf-dist/tex/generic/oberdiek/etexcmds.sty
Package: etexcmds 2011/02/16 v1.5 Avoid name clashes with e-TeX commands (HO)

(/usr/share/texlive/texmf-dist/tex/generic/oberdiek/ifluatex.sty
Package: ifluatex 2010/03/01 v1.3 Provides the ifluatex switch (HO)
Package ifluatex Info: LuaTeX not detected.
)
Package etexcmds Info: Could not find \expanded.
(etexcmds)             That can mean that you are not using pdfTeX 1.50 or
(etexcmds)             that some package has redefined \expanded.
(etexcmds)             In the latter case, load this package earlier.
)))
.................................................
. LaTeX info: "xparse/define-command"
. 
. Defining command \tw@declare@style@simple with sig. 's m O{\tw@default@pre }
. m O{\tw@default@sep } O{\tw@default@post } m ' on line 149.
.................................................
.................................................
. LaTeX info: "xparse/define-command"
. 
. Defining command \tw@declare@sytle@extra@args with sig. 'O{\tw@default@post
. } m ' on line 155.
.................................................
.................................................
. LaTeX info: "xparse/define-command"
. 
. Defining command \tw@declare@style with sig. 's m O{\tw@default@pre } m
. O{\tw@default@sep } m m m ' on line 182.
.................................................
.................................................
. LaTeX info: "xparse/define-command"
. 
. Defining command \newmenustylesimple with sig. 's m' on line 195.
.................................................
.................................................
. LaTeX info: "xparse/define-command"
. 
. Defining command \renewmenustylesimple with sig. 's m' on line 202.
.................................................
.................................................
. LaTeX info: "xparse/define-command"
. 
. Defining command \providemenustylesimple with sig. 's m' on line 216.
.................................................
.................................................
. LaTeX info: "xparse/define-command"
. 
. Defining command \newmenustyle with sig. 's m' on line 230.
.................................................
.................................................
. LaTeX info: "xparse/define-command"
. 
. Defining command \renewmenustyle with sig. 's m' on line 237.
.................................................
.................................................
. LaTeX info: "xparse/define-command"
. 
. Defining command \providemenustyle with sig. 's m' on line 251.
.................................................
.................................................
. LaTeX info: "xparse/define-command"
. 
. Defining command \changemenuelement with sig. 's m m m' on line 289.
.................................................
\c@tw@hyphen@char@num=\count319
.................................................
. LaTeX info: "xparse/define-command"
. 
. Defining command \tw@define@menu@macro with sig. 'm O{\tw@default@input@sep
. } m ' on line 612.
.................................................
.................................................
. LaTeX info: "xparse/define-command"
. 
. Defining command \newmenumacro with sig. 'm O{\tw@default@input@sep } m' on
. line 622.
.................................................
.................................................
. LaTeX info: "xparse/define-command"
. 
. Defining command \renewmenumacro with sig. 'm O{\tw@default@input@sep } m'
. on line 626.
.................................................
.................................................
. LaTeX info: "xparse/define-command"
. 
. Defining command \providemenumacro with sig. 'm O{\tw@default@input@sep } m'
. on line 634.
.................................................
.................................................
. LaTeX info: "xparse/define-command"
. 
. Defining command \tw@make@key@box with sig. 'm m' on line 645.
.................................................
.................................................
. LaTeX info: "xparse/define-command"
. 
. Defining command \tw@make@key@macro with sig. 's m' on line 670.
.................................................
)
(/usr/share/texlive/texmf-dist/tex/latex/enumitem/enumitem.sty
Package: enumitem 2011/09/28 v3.5.2 Customized lists
\labelindent=\skip67
\enit@outerparindent=\dimen341
\enit@toks=\toks51
\enit@inbox=\box69
\enitdp@description=\count320
)
(/usr/share/texlive/texmf-dist/tex/latex/cleveref/cleveref.sty
Package: cleveref 2013/12/28 v0.19 Intelligent cross-referencing
LaTeX Info: Redefining \cref on input line 954.
Package cleveref Info: `amsthm' support loaded on input line 2858.
Package cleveref Info: no abbreviation of names on input line 7493.
)
(/usr/share/texlive/texmf-dist/tex/generic/mathabx/mathabx.sty
Package: mathabx 2003/07/29 v0.0 Non-standard LaTeX package mathabx
\symmathx=\mathgroup7

(/usr/share/texlive/texmf-dist/tex/generic/mathabx/mathabx.dcl
LaTeX Font Info:    Redeclaring math symbol \intop on input line 753.
LaTeX Font Info:    Redeclaring math symbol \ointop on input line 760.
LaTeX Font Info:    Redeclaring math symbol \braceld on input line 903.
LaTeX Font Info:    Redeclaring math symbol \bracerd on input line 905.
LaTeX Font Info:    Redeclaring math symbol \bracelu on input line 907.
LaTeX Font Info:    Redeclaring math symbol \braceru on input line 909.
LaTeX Font Info:    Redeclaring math accent \widehat on input line 944.
LaTeX Font Info:    Redeclaring math accent \widetilde on input line 946.
)) (./base.aux)
\openout1 = `base.aux'.

LaTeX Font Info:    Checking defaults for OML/cmm/m/it on input line 120.
LaTeX Font Info:    ... okay on input line 120.
LaTeX Font Info:    Checking defaults for T1/cmr/m/n on input line 120.
LaTeX Font Info:    ... okay on input line 120.
LaTeX Font Info:    Checking defaults for OT1/cmr/m/n on input line 120.
LaTeX Font Info:    ... okay on input line 120.
LaTeX Font Info:    Checking defaults for OMS/cmsy/m/n on input line 120.
LaTeX Font Info:    ... okay on input line 120.
LaTeX Font Info:    Checking defaults for OMX/cmex/m/n on input line 120.
LaTeX Font Info:    ... okay on input line 120.
LaTeX Font Info:    Checking defaults for U/mathx/m/n on input line 120.
LaTeX Font Info:    ... okay on input line 120.
LaTeX Font Info:    Checking defaults for T2A/cmr/m/n on input line 120.
LaTeX Font Info:    ... okay on input line 120.

*geometry* driver: auto-detecting
*geometry* detected driver: pdftex
*geometry* verbose mode - [ preamble ] result:
* driver: pdftex
* paper: a5paper
* layout: <same size as paper>
* layoutoffset:(h,v)=(0.0pt,0.0pt)
* modes: 
* h-part:(L,W,R)=(42.67912pt, 349.96892pt, 28.45274pt)
* v-part:(T,H,B)=(28.45274pt, 512.14963pt, 56.9055pt)
* \paperwidth=421.10078pt
* \paperheight=597.50787pt
* \textwidth=332.89723pt
* \textheight=512.14963pt
* \oddsidemargin=-29.59087pt
* \evensidemargin=-29.59087pt
* \topmargin=-80.81725pt
* \headheight=12.0pt
* \headsep=25.0pt
* \topskip=11.0pt
* \footskip=30.0pt
* \marginparwidth=4.0pt
* \marginparsep=10.0pt
* \columnsep=10.0pt
* \skip\footins=10.0pt plus 4.0pt minus 2.0pt
* \hoffset=0.0pt
* \voffset=0.0pt
* \mag=1000
* \@twocolumnfalse
* \@twosidefalse
* \@mparswitchfalse
* \@reversemarginfalse
* (1in=72.27pt=25.4mm, 1cm=28.453pt)

(/usr/share/texlive/texmf-dist/tex/context/base/supp-pdf.mkii
[Loading MPS to PDF converter (version 2006.09.02).]
\scratchcounter=\count321
\scratchdimen=\dimen342
\scratchbox=\box70
\nofMPsegments=\count322
\nofMParguments=\count323
\everyMPshowfont=\toks52
\MPscratchCnt=\count324
\MPscratchDim=\dimen343
\MPnumerator=\count325
\makeMPintoPDFobject=\count326
\everyMPtoPDFconversion=\toks53
) ABD: EveryShipout initializing macros
(/usr/share/texlive/texmf-dist/tex/generic/oberdiek/pdftexcmds.sty
Package: pdftexcmds 2011/11/29 v0.20 Utility functions of pdfTeX for LuaTeX (HO
)
Package pdftexcmds Info: LuaTeX not detected.
Package pdftexcmds Info: \pdf@primitive is available.
Package pdftexcmds Info: \pdf@ifprimitive is available.
Package pdftexcmds Info: \pdfdraftmode found.
)
(/usr/share/texlive/texmf-dist/tex/latex/oberdiek/epstopdf-base.sty
Package: epstopdf-base 2010/02/09 v2.5 Base part for package epstopdf

(/usr/share/texlive/texmf-dist/tex/latex/oberdiek/grfext.sty
Package: grfext 2010/08/19 v1.1 Manage graphics extensions (HO)

(/usr/share/texlive/texmf-dist/tex/generic/oberdiek/kvdefinekeys.sty
Package: kvdefinekeys 2011/04/07 v1.3 Define keys (HO)
))
Package grfext Info: Graphics extension search list:
(grfext)             [.png,.pdf,.jpg,.mps,.jpeg,.jbig2,.jb2,.PNG,.PDF,.JPG,.JPE
G,.JBIG2,.JB2,.eps]
(grfext)             \AppendGraphicsExtensions on input line 452.

(/usr/share/texlive/texmf-dist/tex/latex/latexconfig/epstopdf-sys.cfg
File: epstopdf-sys.cfg 2010/07/13 v1.3 Configuration of (r)epstopdf for TeX Liv
e
))
(./title.tex [1

{/var/lib/texmf/fonts/map/pdftex/updmap/pdftex.map}] [2]
(./base.toc
Package cleveref Info: loaded `russian' language definitions on input line 1.
<<ot1.cmap>><<oml.cmap>><<oms.cmap>><<omx.cmap>>
LaTeX Font Info:    Try loading font information for U+msa on input line 2.

(/usr/share/texlive/texmf-dist/tex/latex/amsfonts/umsa.fd
File: umsa.fd 2013/01/14 v3.01 AMS symbols A
)
LaTeX Font Info:    Try loading font information for U+msb on input line 2.

(/usr/share/texlive/texmf-dist/tex/latex/amsfonts/umsb.fd
File: umsb.fd 2013/01/14 v3.01 AMS symbols B
)
Overfull \hbox (10.09526pt too wide) in paragraph at lines 9--9
 [][] \T2A/cmr/m/n/10.95 ---- -- 3 -- ----
- - 
 []

)
\tf@toc=\write5
\openout5 = `base.toc'.

 [3

]) (./introduction.tex
Overfull \hbox (2.71524pt too wide) in paragraph at lines 3--4
[]\T2A/cmr/m/n/10.95  ----- --- ---
 --
 []

) (./old/matcad.tex [4]
LaTeX Font Info:    Try loading font information for T2A+cmss on input line 7.

(/usr/share/texlive/texmf-dist/tex/latex/cyrillic/t2acmss.fd
File: t2acmss.fd 2001/08/11 v1.0a Computer Modern Cyrillic font definitions
)
Overfull \hbox (35.67899pt too wide) in paragraph at lines 7--9
\T2A/cmr/m/n/10.95 -, -- --- -- --  Windo
ws-,
 []


Overfull \hbox (10.53107pt too wide) in paragraph at lines 7--9
\T2A/cmr/m/n/10.95 - - - --  Mathcad. --  --
-- Mathcad
 []


Overfull \hbox (4.63411pt too wide) in paragraph at lines 7--9
\T2A/cmr/m/n/10.95 -  -- ---- ---- 
--- -
 []

LaTeX Font Info:    Try loading font information for OMS+cmr on input line 9.
(/usr/share/texlive/texmf-dist/tex/latex/base/omscmr.fd
File: omscmr.fd 2014/09/29 v2.5h Standard LaTeX font definitions
)
LaTeX Font Info:    Font shape `OMS/cmr/m/n' in size <10.95> not available
(Font)              Font shape `OMS/cmsy/m/n' tried instead on input line 9.
 [5]
<./figures/old/mathcad/oldview.png, id=57, 551.81157pt x 301.8778pt>
File: ./figures/old/mathcad/oldview.png Graphic file (type png)

<use ./figures/old/mathcad/oldview.png>
Package pdftex.def Info: ./figures/old/mathcad/oldview.png used on input line 2
2.
(pdftex.def)             Requested size: 332.89723pt x 182.12303pt.
 [6 <./figures/old/mathcad/oldview.png>]
LaTeX Font Info:    Try loading font information for T2A+cmtt on input line 44.

(/usr/share/texlive/texmf-dist/tex/latex/cyrillic/t2acmtt.fd
File: t2acmtt.fd 2001/08/11 v1.0a Computer Modern Cyrillic font definitions
)
<./figures/old/mathcad/oldz1.png, id=61, 185.19188pt x 33.87656pt>
File: ./figures/old/mathcad/oldz1.png Graphic file (type png)

<use ./figures/old/mathcad/oldz1.png>
Package pdftex.def Info: ./figures/old/mathcad/oldz1.png used on input line 47.

(pdftex.def)             Requested size: 185.1914pt x 33.87646pt.
 [7 <./figures/old/mathcad/oldz1.png>]
<./figures/old/mathcad/oldz2.png, id=68, 257.46187pt x 57.96657pt>
File: ./figures/old/mathcad/oldz2.png Graphic file (type png)

<use ./figures/old/mathcad/oldz2.png>
Package pdftex.def Info: ./figures/old/mathcad/oldz2.png used on input line 61.

(pdftex.def)             Requested size: 257.46123pt x 57.96642pt.
 [8 <./figures/old/mathcad/oldz2.png>]
<./figures/old/mathcad/oldz3-m.png, id=72, 81.30376pt x 33.87656pt>
File: ./figures/old/mathcad/oldz3-m.png Graphic file (type png)

<use ./figures/old/mathcad/oldz3-m.png>
Package pdftex.def Info: ./figures/old/mathcad/oldz3-m.png used on input line 8
3.
(pdftex.def)             Requested size: 81.30354pt x 33.87646pt.

<./figures/old/mathcad/oldz3.png, id=73, 186.6975pt x 111.41624pt>
File: ./figures/old/mathcad/oldz3.png Graphic file (type png)

<use ./figures/old/mathcad/oldz3.png>
Package pdftex.def Info: ./figures/old/mathcad/oldz3.png used on input line 92.

(pdftex.def)             Requested size: 186.69704pt x 111.41597pt.
 [9 <./figures/old/mathcad/oldz3-m.png> <./figures/old/mathcad/oldz3.png>]
<./figures/old/mathcad/oldz3-2.png, id=77, 192.72pt x 96.36pt>
File: ./figures/old/mathcad/oldz3-2.png Graphic file (type png)

<use ./figures/old/mathcad/oldz3-2.png>
Package pdftex.def Info: ./figures/old/mathcad/oldz3-2.png used on input line 1
05.
(pdftex.def)             Requested size: 192.71951pt x 96.35974pt.
 [10]
<./figures/old/mathcad/oldz3-3.png, id=81, 15.80907pt x 15.05624pt>
File: ./figures/old/mathcad/oldz3-3.png Graphic file (type png)

<use ./figures/old/mathcad/oldz3-3.png>
Package pdftex.def Info: ./figures/old/mathcad/oldz3-3.png used on input line 1
09.
(pdftex.def)             Requested size: 15.809pt x 15.0562pt.

<./figures/old/mathcad/oldz3-4.png, id=82, 200.24812pt x 115.18031pt>
File: ./figures/old/mathcad/oldz3-4.png Graphic file (type png)

<use ./figures/old/mathcad/oldz3-4.png>
Package pdftex.def Info: ./figures/old/mathcad/oldz3-4.png used on input line 1
14.
(pdftex.def)             Requested size: 200.24763pt x 115.18001pt.
 [11 <./figures/old/mathcad/oldz3-2.png> <./figures/old/mathcad/oldz3-3.png> <.
/figures/old/mathcad/oldz3-4.png>]
<./figures/old/mathcad/oldz4-1.png, id=86, 75.28125pt x 18.0675pt>
File: ./figures/old/mathcad/oldz4-1.png Graphic file (type png)

<use ./figures/old/mathcad/oldz4-1.png>
Package pdftex.def Info: ./figures/old/mathcad/oldz4-1.png used on input line 1
26.
(pdftex.def)             Requested size: 75.28105pt x 18.06744pt.

<./figures/old/mathcad/oldz4-2.png, id=87, 136.25906pt x 109.1578pt>
File: ./figures/old/mathcad/oldz4-2.png Graphic file (type png)

<use ./figures/old/mathcad/oldz4-2.png>
Package pdftex.def Info: ./figures/old/mathcad/oldz4-2.png used on input line 1
41.
(pdftex.def)             Requested size: 136.25871pt x 109.15753pt.


LaTeX Warning: `h' float specifier changed to `ht'.

<./figures/old/mathcad/oldz5-1.png, id=88, 198.7425pt x 76.78688pt>
File: ./figures/old/mathcad/oldz5-1.png Graphic file (type png)

<use ./figures/old/mathcad/oldz5-1.png>
Package pdftex.def Info: ./figures/old/mathcad/oldz5-1.png used on input line 1
49.
(pdftex.def)             Requested size: 198.742pt x 76.78668pt.
 [12 <./figures/old/mathcad/oldz4-1.png>] [13 <./figures/old/mathcad/oldz4-2.pn
g> <./figures/old/mathcad/oldz5-1.png>]
<./figures/old/mathcad/oldz5-2.png, id=96, 313.17pt x 115.18031pt>
File: ./figures/old/mathcad/oldz5-2.png Graphic file (type png)

<use ./figures/old/mathcad/oldz5-2.png>
Package pdftex.def Info: ./figures/old/mathcad/oldz5-2.png used on input line 1
60.
(pdftex.def)             Requested size: 313.16922pt x 115.18001pt.
 [14 <./figures/old/mathcad/oldz5-2.png>] <./figures/old/mathcad/oldz6-1.png, i
d=100, 238.64156pt x 88.83188pt>
File: ./figures/old/mathcad/oldz6-1.png Graphic file (type png)

<use ./figures/old/mathcad/oldz6-1.png>
Package pdftex.def Info: ./figures/old/mathcad/oldz6-1.png used on input line 1
89.
(pdftex.def)             Requested size: 238.64096pt x 88.83165pt.

<./figures/old/mathcad/oldz6-2.png, id=101, 277.035pt x 96.36pt>
File: ./figures/old/mathcad/oldz6-2.png Graphic file (type png)

<use ./figures/old/mathcad/oldz6-2.png>
Package pdftex.def Info: ./figures/old/mathcad/oldz6-2.png used on input line 1
97.
(pdftex.def)             Requested size: 277.03432pt x 96.35974pt.


LaTeX Warning: `h' float specifier changed to `ht'.

<./figures/old/mathcad/oldz7-1.png, id=102, 16.56187pt x 15.05624pt>
File: ./figures/old/mathcad/oldz7-1.png Graphic file (type png)

<use ./figures/old/mathcad/oldz7-1.png>
Package pdftex.def Info: ./figures/old/mathcad/oldz7-1.png used on input line 2
03.
(pdftex.def)             Requested size: 16.56183pt x 15.0562pt.

<./figures/old/mathcad/oldz7-2.png, id=103, 168.63pt x 125.71968pt>
File: ./figures/old/mathcad/oldz7-2.png Graphic file (type png)

<use ./figures/old/mathcad/oldz7-2.png>
Package pdftex.def Info: ./figures/old/mathcad/oldz7-2.png used on input line 2
06.
(pdftex.def)             Requested size: 168.62958pt x 125.71936pt.
 [15 <./figures/old/mathcad/oldz6-1.png>] [16 <./figures/old/mathcad/oldz6-2.pn
g> <./figures/old/mathcad/oldz7-1.png> <./figures/old/mathcad/oldz7-2.png>]
Overfull \hbox (1.35686pt too wide) in paragraph at lines 221--222
[]\T2A/cmr/m/n/10.95  -- --- -- - -- -
- -
 []

[17] <./figures/old/mathcad/oldz8-1.png, id=116, 242.40562pt x 172.39406pt>
File: ./figures/old/mathcad/oldz8-1.png Graphic file (type png)

<use ./figures/old/mathcad/oldz8-1.png>
Package pdftex.def Info: ./figures/old/mathcad/oldz8-1.png used on input line 2
28.
(pdftex.def)             Requested size: 242.40501pt x 172.39363pt.

<./figures/old/mathcad/oldz11-1.png, id=117, 23.33719pt x 17.31468pt>
File: ./figures/old/mathcad/oldz11-1.png Graphic file (type png)

<use ./figures/old/mathcad/oldz11-1.png>
Package pdftex.def Info: ./figures/old/mathcad/oldz11-1.png used on input line 
233.
(pdftex.def)             Requested size: 23.33711pt x 17.31462pt.

<./figures/old/mathcad/oldz11-2.png, id=118, 170.88844pt x 77.53969pt>
File: ./figures/old/mathcad/oldz11-2.png Graphic file (type png)

<use ./figures/old/mathcad/oldz11-2.png>
Package pdftex.def Info: ./figures/old/mathcad/oldz11-2.png used on input line 
237.
(pdftex.def)             Requested size: 170.88802pt x 77.53947pt.
 [18 <./figures/old/mathcad/oldz8-1.png> <./figures/old/mathcad/oldz11-1.png> <
./figures/old/mathcad/oldz11-2.png>]
<./figures/old/mathcad/oldz9-1.png, id=122, 328.97906pt x 158.84344pt>
File: ./figures/old/mathcad/oldz9-1.png Graphic file (type png)

<use ./figures/old/mathcad/oldz9-1.png>
Package pdftex.def Info: ./figures/old/mathcad/oldz9-1.png used on input line 2
55.
(pdftex.def)             Requested size: 328.97826pt x 158.84305pt.


LaTeX Warning: `h' float specifier changed to `ht'.

[19] [20 <./figures/old/mathcad/oldz9-1.png>]
Overfull \hbox (4.69572pt too wide) in paragraph at lines 270--271
[]\T2A/cmr/m/n/10.95  -- 13: -- -- -- -
- $[] \OT1/cmr/m/n/10.95 +
 []

<./figures/old/mathcad/oldz9-2.png, id=131, 212.29312pt x 99.37125pt>
File: ./figures/old/mathcad/oldz9-2.png Graphic file (type png)

<use ./figures/old/mathcad/oldz9-2.png>
Package pdftex.def Info: ./figures/old/mathcad/oldz9-2.png used on input line 2
73.
(pdftex.def)             Requested size: 212.2926pt x 99.371pt.

Overfull \hbox (9.46426pt too wide) in paragraph at lines 280--281
[]\T2A/cmr/m/n/10.95  - - --- ----- -
 Mathcad? 
 []

) (./old/regress.tex [21 <./figures/old/mathcad/oldz9-2.png>]
Overfull \hbox (18.34712pt too wide) in paragraph at lines 18--19
\T2A/cmr/m/n/10.95 -- - --  -- -- -
 \T2A/cmtt/m/n/10.95 corr(x,y)
 []

[22]
<./figures/old/regress/old-regress-1-1.png, id=143, 331.99031pt x 408.77719pt>
File: ./figures/old/regress/old-regress-1-1.png Graphic file (type png)

<use ./figures/old/regress/old-regress-1-1.png>
Package pdftex.def Info: ./figures/old/regress/old-regress-1-1.png used on inpu
t line 45.
(pdftex.def)             Requested size: 331.98949pt x 408.77618pt.
 [23] [24 <./figures/old/regress/old-regress-1-1.png>]
Overfull \hbox (1.5978pt too wide) in paragraph at lines 59--60
\T2A/cmr/m/n/10.95 ----- --, ---- ---
-- -
 []


Overfull \hbox (5.39154pt too wide) in paragraph at lines 59--60
\T2A/cmr/m/n/10.95 . ---  -- --- - -
-- -
 []


Overfull \hbox (20.2894pt too wide) in paragraph at lines 65--66
[]\T2A/cmtt/m/n/10.95 expfit(x, y, g) \T2A/cmr/m/n/10.95 --- -- -
---- -- $\OML/cmm/m/it/10.95 y\OT1/cmr/m/n/10.95 (\OML/cmm/m
/it/10.95 x\OT1/cmr/m/n/10.95 ) =
 []


Overfull \hbox (1.53976pt too wide) in paragraph at lines 66--67
[]\T2A/cmtt/m/n/10.95 lgsfit(x, y, g) \T2A/cmr/m/n/10.95 --- -- --
-- -- $\OML/cmm/m/it/10.95 y\OT1/cmr/m/n/10.95 (\OML/cmm/m/it/
10.95 x\OT1/cmr/m/n/10.95 ) =
 []


Overfull \hbox (0.57347pt too wide) in paragraph at lines 67--68
[]\T2A/cmtt/m/n/10.95 sinfit(x, y, g) \T2A/cmr/m/n/10.95 --- -----
 -- $\OML/cmm/m/it/10.95 y\OT1/cmr/m/n/10.95 (\OML/cmm/m/it/10.95 x\O
T1/cmr/m/n/10.95 ) = \OML/cmm/m/it/10.95 asin\OT1/cmr/m/n/10.95 (\OML/cmm/m/it/
10.95 x \OT1/cmr/m/n/10.95 +
 []


Overfull \hbox (18.94815pt too wide) in paragraph at lines 69--70
[]\T2A/cmtt/m/n/10.95 logfit(x, y, g) \T2A/cmr/m/n/10.95 --- -- --
--- -- $\OML/cmm/m/it/10.95 f\OT1/cmr/m/n/10.95 (\OML/cmm/m/
it/10.95 x\OT1/cmr/m/n/10.95 ) =
 []

[25]
Overfull \hbox (1.82271pt too wide) in paragraph at lines 74--76
[]\T2A/cmr/m/n/10.95  -- ---  - ---- 
- -
 []

[26]
Overfull \hbox (4.22884pt too wide) in paragraph at lines 116--117
[][] 
 []


Underfull \hbox (badness 1259) in paragraph at lines 117--117
[]\T2A/cmr/m/n/10.95 . 2.1: ---- ---
 []


Underfull \hbox (badness 4048) in paragraph at lines 120--121
\T2A/cmr/m/n/10.95 - -, -
 []


Underfull \hbox (badness 2119) in paragraph at lines 120--121
\T2A/cmr/m/n/10.95 --  --
 []


Underfull \hbox (badness 1584) in paragraph at lines 120--121
\T2A/cmr/m/n/10.95  - (-- 
 []


Underfull \hbox (badness 4353) in paragraph at lines 120--121
\T2A/cmr/m/n/10.95 - --- -
 []


Underfull \hbox (badness 1478) in paragraph at lines 120--121
\T2A/cmr/m/n/10.95 - -----
 []


Underfull \hbox (badness 6493) in paragraph at lines 120--121
\T2A/cmr/m/n/10.95  --) -
 []


Underfull \hbox (badness 5667) in paragraph at lines 120--121
\T2A/cmr/m/n/10.95 .  --
 []


Overfull \hbox (2.66333pt too wide) in paragraph at lines 128--129
[]\T2A/cmr/m/n/10.95  --- --- -- -- -
- -
 []

[27]) (./old/diffeq.tex [28] [29] [30] [31]
Overfull \hbox (7.10591pt too wide) in paragraph at lines 70--71
[]\T2A/cmr/m/n/10.95  -- -- -  Mathcad -- -
- -
 []

[32]
Overfull \hbox (8.46504pt too wide) in paragraph at lines 84--85
[]\T2A/cmr/m/n/10.95  --- ------ -- 
--- -
 []

[33]) (./old/program.tex [34]
Overfull \hbox (1.30322pt too wide) in paragraph at lines 17--19
\T2A/cmr/m/n/10.95 -  - --,  --- ---
-- -
 []

[35] [36]
Overfull \hbox (13.09315pt too wide) in paragraph at lines 30--31
[]\T2A/cmr/m/n/10.95  -- 2: -- ---- -
 $\OML/cmm/m/it/10.95 f\OT1/cmr/m/n/10.95 (\OML/cmm/m/it/10.95 x;y;z\OT1/cmr/m
/n/10.95 ) =
 []


Overfull \hbox (10.52747pt too wide) in paragraph at lines 38--41
\T2A/cmr/m/n/10.95 -- - ---  ----- 
--- -
 []


Overfull \hbox (13.1011pt too wide) in paragraph at lines 38--41
\T2A/cmr/m/n/10.95 --  ---- - ^^U  - --
 -- Mathcad
 []

LaTeX Font Info:    Font shape `T2A/cmtt/bx/n' in size <12> not available
(Font)              Font shape `T2A/cmtt/m/n' tried instead on input line 42.
[37]
Overfull \hbox (0.5514pt too wide) in paragraph at lines 58--59
\T2A/cmr/m/n/10.95 -- - --  --- ---
 -, -
 []

[38] [39]) (./phase.tex [40]
Overfull \hbox (4.39456pt too wide) in paragraph at lines 14--15
[]\T2A/cmr/m/n/10.95  --  --,   ----- 
-- ($$ = 1)
 []

[41] [42] [43] [44] [45] [46] [47] [48] [49]) (./equation.tex [50]
Missing character: There is no  in font cmr10!
Missing character: There is no  in font cmr10!
 [51]
[52] [53]
Overfull \hbox (0.69748pt too wide) in paragraph at lines 65--67
\T2A/cmr/m/n/10.95 - - -- -- ----  -
-- -
 []

[54]
Underfull \hbox (badness 10000) in paragraph at lines 116--116
[]|\T2A/cmr/m/n/10.95 
 []


Underfull \hbox (badness 10000) in paragraph at lines 116--116
\T2A/cmr/m/n/10.95 -
 []


Underfull \hbox (badness 10000) in paragraph at lines 116--116
\T2A/cmr/m/n/10.95 -
 []


Underfull \hbox (badness 10000) in paragraph at lines 116--116
\T2A/cmr/m/n/10.95 -
 []


Underfull \hbox (badness 10000) in paragraph at lines 116--116
[]|$\OML/cmm/m/it/10.95 M$\T2A/cmr/m/n/10.95 ,
 []


Underfull \hbox (badness 10000) in paragraph at lines 116--116
[]|$\OML/cmm/m/it/10.95 T[]$\T2A/cmr/m/n/10.95 ,
 []


Underfull \hbox (badness 10000) in paragraph at lines 116--116
[]|$\OML/cmm/m/it/10.95 p[]$\T2A/cmr/m/n/10.95 ,
 []


Underfull \hbox (badness 10000) in paragraph at lines 116--116
[]|$\OML/cmm/m/it/10.95 V[]$\T2A/cmr/m/n/10.95 ,
 []


Underfull \hbox (badness 10000) in paragraph at lines 116--116
[]|\T2A/cmr/m/n/10.95 
 []

[55] [56]) (./mass_transfer.tex [57]
Overfull \hbox (1.13141pt too wide) in paragraph at lines 1--2
[]\T2A/cmr/bx/n/10.95  --  7 --  --- 
-
 []


Overfull \hbox (1.35889pt too wide) in paragraph at lines 10--15
[]\T2A/cmr/m/n/10.95  --- ----- -- --
--  -
 []

[58] <./figures/abs/flowscheme.pdf, id=263, 369.88583pt x 483.69685pt>
File: ./figures/abs/flowscheme.pdf Graphic file (type pdf)

<use ./figures/abs/flowscheme.pdf>
Package pdftex.def Info: ./figures/abs/flowscheme.pdf used on input line 27.
(pdftex.def)             Requested size: 159.78925pt x 208.95982pt.
 [59] [60]
Underfull \hbox (badness 3302) in paragraph at lines 57--58
\T2A/cmr/m/n/10.95 - --- -, -
 []


Underfull \hbox (badness 1077) in paragraph at lines 57--58
\T2A/cmr/m/n/10.95 - - -- -
 []


Underfull \hbox (badness 1082) in paragraph at lines 57--58
\T2A/cmr/m/n/10.95 -  ----- -
 []

[61 <./figures/abs/flowscheme.pdf>] [62] [63]
Overfull \hbox (1.76076pt too wide) in paragraph at lines 150--151
[]\T2A/cmr/m/n/10.95  --  ---.  -- -
 -
 []

) (./heat_transfer.tex [64] [65]
Overfull \hbox (9.879pt too wide) in paragraph at lines 50--51
[]\T2A/cmr/m/n/10.95   - -  --- --
 ($\OML/cmm/m/it/10.95 Re >
 []


Overfull \hbox (6.48705pt too wide) in paragraph at lines 54--55
[]\T2A/cmr/m/n/10.95   - -  --- -- 
($\OT1/cmr/m/n/10.95 2300 \OML/cmm/m/it/10.95 <
 []

[66]) (./reaction.tex [67] [68] [69] [70] [71] [72] [73]) (./rectification.tex
[74]
Overfull \hbox (5.41882pt too wide) in paragraph at lines 1--2
[]\T2A/cmr/bx/n/10.95  --  10 ----- -- 
-
 []

[75] <./figures/rect/scheme.png, id=328, 1350.04375pt x 832.10875pt>
File: ./figures/rect/scheme.png Graphic file (type png)

<use ./figures/rect/scheme.png>
Package pdftex.def Info: ./figures/rect/scheme.png used on input line 16.
(pdftex.def)             Requested size: 332.89723pt x 205.18256pt.
 [76 <./figures/rect/scheme.png>] [77]
Overfull \hbox (3.27075pt too wide) in paragraph at lines 46--47
[]\T2A/cmr/m/n/10.95  -- --- --- ---
 
 []

<./figures/rect/colomn.pdf, id=336, 336.25626pt x 725.29735pt>
File: ./figures/rect/colomn.pdf Graphic file (type pdf)

<use ./figures/rect/colomn.pdf>
Package pdftex.def Info: ./figures/rect/colomn.pdf used on input line 52.
(pdftex.def)             Requested size: 159.78925pt x 344.6637pt.
 [78]
Underfull \hbox (badness 1048) in paragraph at lines 59--60
\T2A/cmr/m/n/10.95 ---- --: --
 []


Underfull \hbox (badness 2762) in paragraph at lines 59--60
\T2A/cmr/m/n/10.95  -- -----
 []

[79 <./figures/rect/colomn.pdf>] [80] [81]) (./base.bbl [82]) [83

] (./base.aux
Package cleveref Info: loaded `russian' language definitions on input line 4.
) ) 
Here is how much of TeX's memory you used:
 32484 strings out of 493029
 615845 string characters out of 6136234
 961118 words of memory out of 5000000
 35306 multiletter control sequences out of 15000+600000
 22174 words of font info for 52 fonts, out of 8000000 for 9000
 1141 hyphenation exceptions out of 8191
 69i,17n,78p,10401b,1049s stack positions out of 5000i,500n,10000p,200000b,80000s
{/usr/share/texmf/fonts/enc/dvips/cm-super/cm-super-t2a.enc}</usr/share/texl
ive/texmf-dist/fonts/type1/public/amsfonts/cm/cmex10.pfb></usr/share/texlive/te
xmf-dist/fonts/type1/public/amsfonts/cm/cmmi10.pfb></usr/share/texlive/texmf-di
st/fonts/type1/public/amsfonts/cm/cmmi6.pfb></usr/share/texlive/texmf-dist/font
s/type1/public/amsfonts/cm/cmmi8.pfb></usr/share/texlive/texmf-dist/fonts/type1
/public/amsfonts/cm/cmr10.pfb></usr/share/texlive/texmf-dist/fonts/type1/public
/amsfonts/cm/cmr6.pfb></usr/share/texlive/texmf-dist/fonts/type1/public/amsfont
s/cm/cmr8.pfb></usr/share/texlive/texmf-dist/fonts/type1/public/amsfonts/cm/cms
y10.pfb></usr/share/texlive/texmf-dist/fonts/type1/public/amsfonts/cm/cmsy6.pfb
></usr/share/texlive/texmf-dist/fonts/type1/public/amsfonts/cm/cmsy8.pfb></usr/
share/texlive/texmf-dist/fonts/type1/public/mathabx-type1/mathx10.pfb></usr/sha
re/texlive/texmf-dist/fonts/type1/public/amsfonts/symbols/msam10.pfb></usr/shar
e/texmf/fonts/type1/public/cm-super/sfbx1095.pfb></usr/share/texmf/fonts/type1/
public/cm-super/sfbx1200.pfb></usr/share/texmf/fonts/type1/public/cm-super/sfbx
1440.pfb></usr/share/texmf/fonts/type1/public/cm-super/sfbx2488.pfb></usr/share
/texmf/fonts/type1/public/cm-super/sfcc1095.pfb></usr/share/texmf/fonts/type1/p
ublic/cm-super/sfrm0600.pfb></usr/share/texmf/fonts/type1/public/cm-super/sfrm0
800.pfb></usr/share/texmf/fonts/type1/public/cm-super/sfrm1095.pfb></usr/share/
texmf/fonts/type1/public/cm-super/sfss0800.pfb></usr/share/texmf/fonts/type1/pu
blic/cm-super/sfss0900.pfb></usr/share/texmf/fonts/type1/public/cm-super/sftt10
95.pfb></usr/share/texmf/fonts/type1/public/cm-super/sftt1200.pfb>
Output written on base.pdf (83 pages, 581905 bytes).
PDF statistics:
 438 PDF objects out of 1000 (max. 8388607)
 277 compressed objects within 3 object streams
 0 named destinations out of 1000 (max. 500000)
 254 words of extra memory for PDF output out of 10000 (max. 10000000)

